ARM GAS  C:\Users\ericz\AppData\Local\Temp\cchvyIUM.s 			page 1


   1              		.syntax unified
   2              		.cpu cortex-m3
   3              		.fpu softvfp
   4              		.eabi_attribute 20, 1
   5              		.eabi_attribute 21, 1
   6              		.eabi_attribute 23, 3
   7              		.eabi_attribute 24, 1
   8              		.eabi_attribute 25, 1
   9              		.eabi_attribute 26, 1
  10              		.eabi_attribute 30, 1
  11              		.eabi_attribute 34, 1
  12              		.eabi_attribute 18, 4
  13              		.thumb
  14              		.file	"main.c"
  15              		.text
  16              	.Ltext0:
  17              		.cfi_sections	.debug_frame
  18              		.section	.text.Mode_Handler,"ax",%progbits
  19              		.align	2
  20              		.global	Mode_Handler
  21              		.thumb
  22              		.thumb_func
  23              		.type	Mode_Handler, %function
  24              	Mode_Handler:
  25              	.LFB63:
  26              		.file 1 ".\\main.c"
   1:.\main.c      **** 
   2:.\main.c      **** #include <project.h>
   3:.\main.c      **** #include <stdlib.h>
   4:.\main.c      **** #include "tft.h"
   5:.\main.c      **** #include "dma_util.h"
   6:.\main.c      **** #include "imu.h"
   7:.\main.c      **** #include "rotate_liquid.h"
   8:.\main.c      **** #include "snowglobe.h"
   9:.\main.c      **** #include "lantern.h"
  10:.\main.c      **** 
  11:.\main.c      **** // handle which display mode to use
  12:.\main.c      **** volatile uint8_t mode = 0;
  13:.\main.c      **** volatile uint8_t mode_changed = 0; // flag
  14:.\main.c      **** CY_ISR(Mode_Handler) {
  27              		.loc 1 14 0
  28              		.cfi_startproc
  29              		@ args = 0, pretend = 0, frame = 0
  30              		@ frame_needed = 0, uses_anonymous_args = 0
  31              		@ link register save eliminated.
  15:.\main.c      ****     mode = (mode + 1) % 3;
  32              		.loc 1 15 0
  33 0000 0749     		ldr	r1, .L2
  34 0002 0A78     		ldrb	r2, [r1]	@ zero_extendqisi2
  35 0004 0132     		adds	r2, r2, #1
  36 0006 074B     		ldr	r3, .L2+4
  37 0008 83FB0203 		smull	r0, r3, r3, r2
  38 000c A3EBE273 		sub	r3, r3, r2, asr #31
  39 0010 03EB4303 		add	r3, r3, r3, lsl #1
  40 0014 D31A     		subs	r3, r2, r3
  41 0016 DBB2     		uxtb	r3, r3
  42 0018 0B70     		strb	r3, [r1]
ARM GAS  C:\Users\ericz\AppData\Local\Temp\cchvyIUM.s 			page 2


  16:.\main.c      ****     mode_changed = 1;
  43              		.loc 1 16 0
  44 001a 0123     		movs	r3, #1
  45 001c 4B70     		strb	r3, [r1, #1]
  46 001e 7047     		bx	lr
  47              	.L3:
  48              		.align	2
  49              	.L2:
  50 0020 00000000 		.word	.LANCHOR0
  51 0024 56555555 		.word	1431655766
  52              		.cfi_endproc
  53              	.LFE63:
  54              		.size	Mode_Handler, .-Mode_Handler
  55              		.section	.text.LanternToggle_Handler,"ax",%progbits
  56              		.align	2
  57              		.global	LanternToggle_Handler
  58              		.thumb
  59              		.thumb_func
  60              		.type	LanternToggle_Handler, %function
  61              	LanternToggle_Handler:
  62              	.LFB64:
  17:.\main.c      **** }
  18:.\main.c      **** 
  19:.\main.c      **** // changing between orange and blue lantern
  20:.\main.c      **** volatile uint8_t lanternMode = 0;
  21:.\main.c      **** volatile uint8_t lanternModeChanged = 0;
  22:.\main.c      **** CY_ISR(LanternToggle_Handler) {
  63              		.loc 1 22 0
  64              		.cfi_startproc
  65              		@ args = 0, pretend = 0, frame = 0
  66              		@ frame_needed = 0, uses_anonymous_args = 0
  67              		@ link register save eliminated.
  23:.\main.c      ****     lanternMode = (lanternMode == 0) ? 1 : 0;
  68              		.loc 1 23 0
  69 0000 054B     		ldr	r3, .L5
  70 0002 9A78     		ldrb	r2, [r3, #2]	@ zero_extendqisi2
  71 0004 12F0FF0F 		tst	r2, #255
  72 0008 0CBF     		ite	eq
  73 000a 0122     		moveq	r2, #1
  74 000c 0022     		movne	r2, #0
  75 000e 9A70     		strb	r2, [r3, #2]
  24:.\main.c      ****     lanternModeChanged = 1;
  76              		.loc 1 24 0
  77 0010 0122     		movs	r2, #1
  78 0012 DA70     		strb	r2, [r3, #3]
  79 0014 7047     		bx	lr
  80              	.L6:
  81 0016 00BF     		.align	2
  82              	.L5:
  83 0018 00000000 		.word	.LANCHOR0
  84              		.cfi_endproc
  85              	.LFE64:
  86              		.size	LanternToggle_Handler, .-LanternToggle_Handler
  87              		.section	.text.Bright_Handler,"ax",%progbits
  88              		.align	2
  89              		.global	Bright_Handler
  90              		.thumb
ARM GAS  C:\Users\ericz\AppData\Local\Temp\cchvyIUM.s 			page 3


  91              		.thumb_func
  92              		.type	Bright_Handler, %function
  93              	Bright_Handler:
  94              	.LFB65:
  25:.\main.c      **** }
  26:.\main.c      **** 
  27:.\main.c      **** // automatic brightness adjustment for lantern
  28:.\main.c      **** volatile uint8_t brightIdx = 0;
  29:.\main.c      **** volatile uint8_t brightness = 255;
  30:.\main.c      **** volatile uint8_t brightnessChanged = 0;
  31:.\main.c      **** CY_ISR(Bright_Handler) {
  95              		.loc 1 31 0
  96              		.cfi_startproc
  97              		@ args = 0, pretend = 0, frame = 0
  98              		@ frame_needed = 0, uses_anonymous_args = 0
  99              		@ link register save eliminated.
  32:.\main.c      ****     
  33:.\main.c      ****     if (mode != 2 && brightness != 255) {
 100              		.loc 1 33 0
 101 0000 114B     		ldr	r3, .L10
 102 0002 1B78     		ldrb	r3, [r3]	@ zero_extendqisi2
 103 0004 DBB2     		uxtb	r3, r3
 104 0006 022B     		cmp	r3, #2
 105 0008 0AD0     		beq	.L8
 106              		.loc 1 33 0 is_stmt 0 discriminator 1
 107 000a 104B     		ldr	r3, .L10+4
 108 000c 1B78     		ldrb	r3, [r3]	@ zero_extendqisi2
 109 000e DBB2     		uxtb	r3, r3
 110 0010 FF2B     		cmp	r3, #255
 111 0012 05D0     		beq	.L8
  34:.\main.c      ****         brightnessChanged = 1;
 112              		.loc 1 34 0 is_stmt 1
 113 0014 0122     		movs	r2, #1
 114 0016 0C4B     		ldr	r3, .L10
 115 0018 1A71     		strb	r2, [r3, #4]
  35:.\main.c      ****         brightness = 255;
 116              		.loc 1 35 0
 117 001a FF22     		movs	r2, #255
 118 001c 0B4B     		ldr	r3, .L10+4
 119 001e 1A70     		strb	r2, [r3]
 120              	.L8:
  36:.\main.c      ****     }
  37:.\main.c      ****     
  38:.\main.c      ****     if (mode == 2) {
 121              		.loc 1 38 0
 122 0020 094B     		ldr	r3, .L10
 123 0022 1B78     		ldrb	r3, [r3]	@ zero_extendqisi2
 124 0024 DBB2     		uxtb	r3, r3
 125 0026 022B     		cmp	r3, #2
 126 0028 0CD1     		bne	.L7
  39:.\main.c      ****         brightnessChanged = 1;
 127              		.loc 1 39 0
 128 002a 074A     		ldr	r2, .L10
 129 002c 0123     		movs	r3, #1
 130 002e 1371     		strb	r3, [r2, #4]
  40:.\main.c      ****         brightIdx += 1;
 131              		.loc 1 40 0
ARM GAS  C:\Users\ericz\AppData\Local\Temp\cchvyIUM.s 			page 4


 132 0030 5379     		ldrb	r3, [r2, #5]	@ zero_extendqisi2
 133 0032 0133     		adds	r3, r3, #1
 134 0034 DBB2     		uxtb	r3, r3
 135 0036 5371     		strb	r3, [r2, #5]
  41:.\main.c      ****         brightness = sineBrightness[brightIdx];
 136              		.loc 1 41 0
 137 0038 5379     		ldrb	r3, [r2, #5]	@ zero_extendqisi2
 138 003a DBB2     		uxtb	r3, r3
 139 003c 044A     		ldr	r2, .L10+8
 140 003e D25C     		ldrb	r2, [r2, r3]	@ zero_extendqisi2
 141 0040 024B     		ldr	r3, .L10+4
 142 0042 1A70     		strb	r2, [r3]
 143              	.L7:
 144 0044 7047     		bx	lr
 145              	.L11:
 146 0046 00BF     		.align	2
 147              	.L10:
 148 0048 00000000 		.word	.LANCHOR0
 149 004c 00000000 		.word	.LANCHOR1
 150 0050 00000000 		.word	sineBrightness
 151              		.cfi_endproc
 152              	.LFE65:
 153              		.size	Bright_Handler, .-Bright_Handler
 154              		.section	.text.main,"ax",%progbits
 155              		.align	2
 156              		.global	main
 157              		.thumb
 158              		.thumb_func
 159              		.type	main, %function
 160              	main:
 161              	.LFB66:
  42:.\main.c      ****     }
  43:.\main.c      **** }
  44:.\main.c      **** 
  45:.\main.c      **** 
  46:.\main.c      **** int main() {
 162              		.loc 1 46 0
 163              		.cfi_startproc
 164              		@ args = 0, pretend = 0, frame = 24
 165              		@ frame_needed = 0, uses_anonymous_args = 0
 166 0000 10B5     		push	{r4, lr}
 167              		.cfi_def_cfa_offset 8
 168              		.cfi_offset 4, -8
 169              		.cfi_offset 14, -4
 170 0002 86B0     		sub	sp, sp, #24
 171              		.cfi_def_cfa_offset 32
  47:.\main.c      ****     
  48:.\main.c      ****     // enable global interrupts
  49:.\main.c      ****     CyGlobalIntEnable;
 172              		.loc 1 49 0
 173              	@ 49 ".\main.c" 1
 174 0004 62B6     		CPSIE   i
 175              	@ 0 "" 2
  50:.\main.c      ****     
  51:.\main.c      ****     // start SPI
  52:.\main.c      ****     SPIM_0_Start();
 176              		.loc 1 52 0
ARM GAS  C:\Users\ericz\AppData\Local\Temp\cchvyIUM.s 			page 5


 177              		.thumb
 178 0006 FFF7FEFF 		bl	SPIM_0_Start
 179              	.LVL0:
  53:.\main.c      ****     SPIM_1_Start();
 180              		.loc 1 53 0
 181 000a FFF7FEFF 		bl	SPIM_1_Start
 182              	.LVL1:
  54:.\main.c      ****     SPIM_2_Start();
 183              		.loc 1 54 0
 184 000e FFF7FEFF 		bl	SPIM_2_Start
 185              	.LVL2:
  55:.\main.c      ****     SPIM_3_Start();
 186              		.loc 1 55 0
 187 0012 FFF7FEFF 		bl	SPIM_3_Start
 188              	.LVL3:
  56:.\main.c      ****     
  57:.\main.c      ****     // start DMAs
  58:.\main.c      ****     Init_DMA_SPI(0);
 189              		.loc 1 58 0
 190 0016 0020     		movs	r0, #0
 191 0018 FFF7FEFF 		bl	Init_DMA_SPI
 192              	.LVL4:
  59:.\main.c      ****     Init_DMA_SPI(1);
 193              		.loc 1 59 0
 194 001c 0120     		movs	r0, #1
 195 001e FFF7FEFF 		bl	Init_DMA_SPI
 196              	.LVL5:
  60:.\main.c      ****     Init_DMA_SPI(2);
 197              		.loc 1 60 0
 198 0022 0220     		movs	r0, #2
 199 0024 FFF7FEFF 		bl	Init_DMA_SPI
 200              	.LVL6:
  61:.\main.c      ****     Init_DMA_SPI(3);
 201              		.loc 1 61 0
 202 0028 0320     		movs	r0, #3
 203 002a FFF7FEFF 		bl	Init_DMA_SPI
 204              	.LVL7:
  62:.\main.c      ****     
  63:.\main.c      ****     // initialize TFT screens
  64:.\main.c      ****     tftStart(0);
 205              		.loc 1 64 0
 206 002e 0020     		movs	r0, #0
 207 0030 FFF7FEFF 		bl	tftStart
 208              	.LVL8:
  65:.\main.c      ****     tftStart(1);
 209              		.loc 1 65 0
 210 0034 0120     		movs	r0, #1
 211 0036 FFF7FEFF 		bl	tftStart
 212              	.LVL9:
  66:.\main.c      ****     tftStart(2);
 213              		.loc 1 66 0
 214 003a 0220     		movs	r0, #2
 215 003c FFF7FEFF 		bl	tftStart
 216              	.LVL10:
  67:.\main.c      ****     tftStart(3);
 217              		.loc 1 67 0
 218 0040 0320     		movs	r0, #3
ARM GAS  C:\Users\ericz\AppData\Local\Temp\cchvyIUM.s 			page 6


 219 0042 FFF7FEFF 		bl	tftStart
 220              	.LVL11:
  68:.\main.c      ****     
  69:.\main.c      ****     // start IMU
  70:.\main.c      ****     I2C_1_Start();
 221              		.loc 1 70 0
 222 0046 FFF7FEFF 		bl	I2C_1_Start
 223              	.LVL12:
  71:.\main.c      ****     MPU6050_Start();
 224              		.loc 1 71 0
 225 004a FFF7FEFF 		bl	MPU6050_Start
 226              	.LVL13:
  72:.\main.c      ****     
  73:.\main.c      ****     int16_t ax, ay, az; // accelerometer values
  74:.\main.c      ****     int16_t gx, gy, gz; // gyroscope values
  75:.\main.c      ****     
  76:.\main.c      ****     // ensure DMAs are done
  77:.\main.c      ****     DMA_Wait_For_Completion(0);
 227              		.loc 1 77 0
 228 004e 0020     		movs	r0, #0
 229 0050 FFF7FEFF 		bl	DMA_Wait_For_Completion
 230              	.LVL14:
  78:.\main.c      ****     DMA_Wait_For_Completion(1);
 231              		.loc 1 78 0
 232 0054 0120     		movs	r0, #1
 233 0056 FFF7FEFF 		bl	DMA_Wait_For_Completion
 234              	.LVL15:
  79:.\main.c      ****     DMA_Wait_For_Completion(2);
 235              		.loc 1 79 0
 236 005a 0220     		movs	r0, #2
 237 005c FFF7FEFF 		bl	DMA_Wait_For_Completion
 238              	.LVL16:
  80:.\main.c      ****     DMA_Wait_For_Completion(3);
 239              		.loc 1 80 0
 240 0060 0320     		movs	r0, #3
 241 0062 FFF7FEFF 		bl	DMA_Wait_For_Completion
 242              	.LVL17:
  81:.\main.c      ****     
  82:.\main.c      ****     // mode switching ISR
  83:.\main.c      ****     MODE_ISR_StartEx(Mode_Handler);
 243              		.loc 1 83 0
 244 0066 6C48     		ldr	r0, .L31
 245 0068 FFF7FEFF 		bl	MODE_ISR_StartEx
 246              	.LVL18:
  84:.\main.c      ****         
  85:.\main.c      ****     // variables for mode 0 (fluid display)
  86:.\main.c      ****     uint8_t fracFull[] = {128, 128, 128, 128};
 247              		.loc 1 86 0
 248 006c 6B4B     		ldr	r3, .L31+4
 249 006e 1868     		ldr	r0, [r3]	@ unaligned
 250 0070 0390     		str	r0, [sp, #12]	@ unaligned
  87:.\main.c      ****     uint16_t angles[NUM_SCREENS] = {0};
 251              		.loc 1 87 0
 252 0072 0023     		movs	r3, #0
 253 0074 0193     		str	r3, [sp, #4]
 254 0076 0293     		str	r3, [sp, #8]
  88:.\main.c      ****     
ARM GAS  C:\Users\ericz\AppData\Local\Temp\cchvyIUM.s 			page 7


  89:.\main.c      ****     // brightness ISR for mode 2 (lantern)
  90:.\main.c      ****     BRIGHT_ISR_StartEx(Bright_Handler);
 255              		.loc 1 90 0
 256 0078 6948     		ldr	r0, .L31+8
 257 007a FFF7FEFF 		bl	BRIGHT_ISR_StartEx
 258              	.LVL19:
  91:.\main.c      ****     
  92:.\main.c      ****     // lantern mode ISR
  93:.\main.c      ****     LANTERN_TOGGLE_ISR_StartEx(LanternToggle_Handler);
 259              		.loc 1 93 0
 260 007e 6948     		ldr	r0, .L31+12
 261 0080 FFF7FEFF 		bl	LANTERN_TOGGLE_ISR_StartEx
 262              	.LVL20:
  94:.\main.c      ****     
  95:.\main.c      ****     PWM_1_Start();
 263              		.loc 1 95 0
 264 0084 FFF7FEFF 		bl	PWM_1_Start
 265              	.LVL21:
 266              	.L13:
  96:.\main.c      ****     
  97:.\main.c      ****     // main loop
  98:.\main.c      ****     for (;;) {
  99:.\main.c      ****         
 100:.\main.c      ****         // =============================================
 101:.\main.c      ****         // Change mode if button was pressed
 102:.\main.c      ****         // =============================================
 103:.\main.c      ****         if (mode_changed) {
 267              		.loc 1 103 0
 268 0088 674B     		ldr	r3, .L31+16
 269 008a 5B78     		ldrb	r3, [r3, #1]	@ zero_extendqisi2
 270 008c 13F0FF0F 		tst	r3, #255
 271 0090 1BD0     		beq	.L14
 104:.\main.c      ****             mode_changed = 0;
 272              		.loc 1 104 0
 273 0092 654C     		ldr	r4, .L31+16
 274 0094 0023     		movs	r3, #0
 275 0096 6370     		strb	r3, [r4, #1]
 105:.\main.c      ****             LED_MODE_1_Write(mode & 0x01);                  // change the mode indicator LEDs
 276              		.loc 1 105 0
 277 0098 2078     		ldrb	r0, [r4]	@ zero_extendqisi2
 278 009a 00F00100 		and	r0, r0, #1
 279 009e FFF7FEFF 		bl	LED_MODE_1_Write
 280              	.LVL22:
 106:.\main.c      ****             LED_MODE_2_Write((mode >> 1) & 0x01);
 281              		.loc 1 106 0
 282 00a2 2078     		ldrb	r0, [r4]	@ zero_extendqisi2
 283 00a4 C0F34000 		ubfx	r0, r0, #1, #1
 284 00a8 FFF7FEFF 		bl	LED_MODE_2_Write
 285              	.LVL23:
 107:.\main.c      ****             
 108:.\main.c      ****             if (mode == 1) snowglobeInit();
 286              		.loc 1 108 0
 287 00ac 2378     		ldrb	r3, [r4]	@ zero_extendqisi2
 288 00ae DBB2     		uxtb	r3, r3
 289 00b0 012B     		cmp	r3, #1
 290 00b2 01D1     		bne	.L15
 291              		.loc 1 108 0 is_stmt 0 discriminator 1
ARM GAS  C:\Users\ericz\AppData\Local\Temp\cchvyIUM.s 			page 8


 292 00b4 FFF7FEFF 		bl	snowglobeInit
 293              	.LVL24:
 294              	.L15:
 109:.\main.c      ****             if (mode == 2) lightLantern(lanternMode);
 295              		.loc 1 109 0 is_stmt 1
 296 00b8 5B4B     		ldr	r3, .L31+16
 297 00ba 1B78     		ldrb	r3, [r3]	@ zero_extendqisi2
 298 00bc DBB2     		uxtb	r3, r3
 299 00be 022B     		cmp	r3, #2
 300 00c0 03D1     		bne	.L14
 301              		.loc 1 109 0 is_stmt 0 discriminator 1
 302 00c2 594B     		ldr	r3, .L31+16
 303 00c4 9878     		ldrb	r0, [r3, #2]	@ zero_extendqisi2
 304 00c6 FFF7FEFF 		bl	lightLantern
 305              	.LVL25:
 306              	.L14:
 110:.\main.c      ****         }
 111:.\main.c      ****         
 112:.\main.c      ****         if (brightnessChanged) {
 307              		.loc 1 112 0 is_stmt 1
 308 00ca 574B     		ldr	r3, .L31+16
 309 00cc 1B79     		ldrb	r3, [r3, #4]	@ zero_extendqisi2
 310 00ce 13F0FF0F 		tst	r3, #255
 311 00d2 06D0     		beq	.L16
 113:.\main.c      ****             brightnessChanged = 0;
 312              		.loc 1 113 0
 313 00d4 0022     		movs	r2, #0
 314 00d6 544B     		ldr	r3, .L31+16
 315 00d8 1A71     		strb	r2, [r3, #4]
 114:.\main.c      ****             PWM_1_WriteCompare(brightness);
 316              		.loc 1 114 0
 317 00da 544B     		ldr	r3, .L31+20
 318 00dc 1878     		ldrb	r0, [r3]	@ zero_extendqisi2
 319 00de FFF7FEFF 		bl	PWM_1_WriteCompare
 320              	.LVL26:
 321              	.L16:
 115:.\main.c      ****         }
 116:.\main.c      ****         
 117:.\main.c      ****         // =============================================
 118:.\main.c      ****         // Mode 0: tilt-sensitive fluid display
 119:.\main.c      ****         // =============================================
 120:.\main.c      ****         if (mode == 0) {
 322              		.loc 1 120 0
 323 00e2 514B     		ldr	r3, .L31+16
 324 00e4 1B78     		ldrb	r3, [r3]	@ zero_extendqisi2
 325 00e6 13F0FF0F 		tst	r3, #255
 326 00ea 6CD1     		bne	.L17
 121:.\main.c      ****             Read_Accel_Data(&ax, &ay, &az);
 327              		.loc 1 121 0
 328 00ec 0DF11600 		add	r0, sp, #22
 329 00f0 05A9     		add	r1, sp, #20
 330 00f2 0DF11202 		add	r2, sp, #18
 331 00f6 FFF7FEFF 		bl	Read_Accel_Data
 332              	.LVL27:
 122:.\main.c      ****             
 123:.\main.c      ****             if (abs(ax) >= abs(ay)) {                       // tilting along one axis
 333              		.loc 1 123 0
ARM GAS  C:\Users\ericz\AppData\Local\Temp\cchvyIUM.s 			page 9


 334 00fa BDF81600 		ldrh	r0, [sp, #22]
 335 00fe 01B2     		sxth	r1, r0
 336 0100 0029     		cmp	r1, #0
 337 0102 B8BF     		it	lt
 338 0104 4942     		rsblt	r1, r1, #0
 339 0106 BDF81430 		ldrh	r3, [sp, #20]
 340 010a 1AB2     		sxth	r2, r3
 341 010c 002A     		cmp	r2, #0
 342 010e B8BF     		it	lt
 343 0110 5242     		rsblt	r2, r2, #0
 344 0112 9142     		cmp	r1, r2
 345 0114 29DB     		blt	.L18
 124:.\main.c      ****                 fracFull[0] = 128;
 346              		.loc 1 124 0
 347 0116 8023     		movs	r3, #128
 348 0118 8DF80C30 		strb	r3, [sp, #12]
 125:.\main.c      ****                 fracFull[2] = 128;
 349              		.loc 1 125 0
 350 011c 8DF80E30 		strb	r3, [sp, #14]
 126:.\main.c      ****                 fracFull[1] = 128 - (uint8_t) (ax >> 8);
 351              		.loc 1 126 0
 352 0120 000A     		lsrs	r0, r0, #8
 353 0122 1B1A     		subs	r3, r3, r0
 354 0124 8DF80D30 		strb	r3, [sp, #13]
 127:.\main.c      ****                 fracFull[3] = 128 + (uint8_t) (ax >> 8);
 355              		.loc 1 127 0
 356 0128 80F08000 		eor	r0, r0, #128
 357 012c 8DF80F00 		strb	r0, [sp, #15]
 128:.\main.c      ****                 
 129:.\main.c      ****                 angles[1] = (az >= 0) ? 0 : 180;
 358              		.loc 1 129 0
 359 0130 BDF81230 		ldrh	r3, [sp, #18]
 360 0134 13F4004F 		tst	r3, #32768
 361 0138 01D1     		bne	.L26
 362 013a 0022     		movs	r2, #0
 363 013c 00E0     		b	.L19
 364              	.L26:
 365 013e B422     		movs	r2, #180
 366              	.L19:
 367              		.loc 1 129 0 is_stmt 0 discriminator 4
 368 0140 ADF80620 		strh	r2, [sp, #6]	@ movhi
 130:.\main.c      ****                 angles[3] = (az >= 0) ? 0 : 180;
 369              		.loc 1 130 0 is_stmt 1 discriminator 4
 370 0144 13F4004F 		tst	r3, #32768
 371 0148 01D1     		bne	.L27
 372              		.loc 1 130 0 is_stmt 0
 373 014a 0023     		movs	r3, #0
 374 014c 00E0     		b	.L20
 375              	.L27:
 376 014e B423     		movs	r3, #180
 377              	.L20:
 378              		.loc 1 130 0 discriminator 4
 379 0150 ADF80A30 		strh	r3, [sp, #10]	@ movhi
 131:.\main.c      ****                 angles[0] = screenAtan(fracFull[3]);
 380              		.loc 1 131 0 is_stmt 1 discriminator 4
 381 0154 FFF7FEFF 		bl	screenAtan
 382              	.LVL28:
ARM GAS  C:\Users\ericz\AppData\Local\Temp\cchvyIUM.s 			page 10


 383 0158 ADF80400 		strh	r0, [sp, #4]	@ movhi
 132:.\main.c      ****                 angles[2] = screenAtan(fracFull[1]);
 384              		.loc 1 132 0 discriminator 4
 385 015c 9DF80D00 		ldrb	r0, [sp, #13]	@ zero_extendqisi2
 386 0160 FFF7FEFF 		bl	screenAtan
 387              	.LVL29:
 388 0164 ADF80800 		strh	r0, [sp, #8]	@ movhi
 389 0168 28E0     		b	.L21
 390              	.L18:
 133:.\main.c      ****             } else {                                        // tilting along the other axis
 134:.\main.c      ****                 fracFull[1] = 128;
 391              		.loc 1 134 0
 392 016a 8022     		movs	r2, #128
 393 016c 8DF80D20 		strb	r2, [sp, #13]
 135:.\main.c      ****                 fracFull[3] = 128;
 394              		.loc 1 135 0
 395 0170 8DF80F20 		strb	r2, [sp, #15]
 136:.\main.c      ****                 fracFull[0] = 128 + (uint8_t) (ay >> 8);
 396              		.loc 1 136 0
 397 0174 1B0A     		lsrs	r3, r3, #8
 398 0176 83EA0200 		eor	r0, r3, r2
 399 017a 8DF80C00 		strb	r0, [sp, #12]
 137:.\main.c      ****                 fracFull[2] = 128 - (uint8_t) (ay >> 8);
 400              		.loc 1 137 0
 401 017e D31A     		subs	r3, r2, r3
 402 0180 8DF80E30 		strb	r3, [sp, #14]
 138:.\main.c      ****                 
 139:.\main.c      ****                 angles[0] = (az >= 0) ? 0 : 180;
 403              		.loc 1 139 0
 404 0184 BDF81230 		ldrh	r3, [sp, #18]
 405 0188 13F4004F 		tst	r3, #32768
 406 018c 01D1     		bne	.L28
 407 018e 0022     		movs	r2, #0
 408 0190 00E0     		b	.L22
 409              	.L28:
 410 0192 B422     		movs	r2, #180
 411              	.L22:
 412              		.loc 1 139 0 is_stmt 0 discriminator 4
 413 0194 ADF80420 		strh	r2, [sp, #4]	@ movhi
 140:.\main.c      ****                 angles[2] = (az >= 0) ? 0 : 180;
 414              		.loc 1 140 0 is_stmt 1 discriminator 4
 415 0198 13F4004F 		tst	r3, #32768
 416 019c 01D1     		bne	.L29
 417              		.loc 1 140 0 is_stmt 0
 418 019e 0023     		movs	r3, #0
 419 01a0 00E0     		b	.L23
 420              	.L29:
 421 01a2 B423     		movs	r3, #180
 422              	.L23:
 423              		.loc 1 140 0 discriminator 4
 424 01a4 ADF80830 		strh	r3, [sp, #8]	@ movhi
 141:.\main.c      ****                 angles[1] = screenAtan(fracFull[0]);
 425              		.loc 1 141 0 is_stmt 1 discriminator 4
 426 01a8 FFF7FEFF 		bl	screenAtan
 427              	.LVL30:
 428 01ac ADF80600 		strh	r0, [sp, #6]	@ movhi
 142:.\main.c      ****                 angles[3] = screenAtan(fracFull[2]);
ARM GAS  C:\Users\ericz\AppData\Local\Temp\cchvyIUM.s 			page 11


 429              		.loc 1 142 0 discriminator 4
 430 01b0 9DF80E00 		ldrb	r0, [sp, #14]	@ zero_extendqisi2
 431 01b4 FFF7FEFF 		bl	screenAtan
 432              	.LVL31:
 433 01b8 ADF80A00 		strh	r0, [sp, #10]	@ movhi
 434              	.L21:
 143:.\main.c      ****             }
 144:.\main.c      ****             
 145:.\main.c      ****             drawLiquid(fracFull, angles);
 435              		.loc 1 145 0
 436 01bc 03A8     		add	r0, sp, #12
 437 01be 01A9     		add	r1, sp, #4
 438 01c0 FFF7FEFF 		bl	drawLiquid
 439              	.LVL32:
 440 01c4 60E7     		b	.L13
 441              	.L17:
 146:.\main.c      ****             
 147:.\main.c      ****         // =============================================
 148:.\main.c      ****         // Mode 1: snow globe
 149:.\main.c      ****         // =============================================
 150:.\main.c      ****         } else if (mode == 1) {
 442              		.loc 1 150 0
 443 01c6 184B     		ldr	r3, .L31+16
 444 01c8 1B78     		ldrb	r3, [r3]	@ zero_extendqisi2
 445 01ca DBB2     		uxtb	r3, r3
 446 01cc 012B     		cmp	r3, #1
 447 01ce 0FD1     		bne	.L25
 151:.\main.c      ****             Read_Accel_Data(&ax, &ay, &az);
 448              		.loc 1 151 0
 449 01d0 0DF11600 		add	r0, sp, #22
 450 01d4 05A9     		add	r1, sp, #20
 451 01d6 0DF11202 		add	r2, sp, #18
 452 01da FFF7FEFF 		bl	Read_Accel_Data
 453              	.LVL33:
 152:.\main.c      ****             snowglobeUpdate(ax, ay, az);
 454              		.loc 1 152 0
 455 01de BDF91600 		ldrsh	r0, [sp, #22]
 456 01e2 BDF91410 		ldrsh	r1, [sp, #20]
 457 01e6 BDF91220 		ldrsh	r2, [sp, #18]
 458 01ea FFF7FEFF 		bl	snowglobeUpdate
 459              	.LVL34:
 460 01ee 4BE7     		b	.L13
 461              	.L25:
 153:.\main.c      ****             
 154:.\main.c      ****         // =============================================
 155:.\main.c      ****         // Mode 2: lantern mode
 156:.\main.c      ****         // =============================================     
 157:.\main.c      ****         } else if (mode == 2) {
 462              		.loc 1 157 0
 463 01f0 0D4B     		ldr	r3, .L31+16
 464 01f2 1B78     		ldrb	r3, [r3]	@ zero_extendqisi2
 465 01f4 DBB2     		uxtb	r3, r3
 466 01f6 022B     		cmp	r3, #2
 467 01f8 7FF446AF 		bne	.L13
 158:.\main.c      ****             if (lanternModeChanged) {
 468              		.loc 1 158 0
 469 01fc 0A4B     		ldr	r3, .L31+16
ARM GAS  C:\Users\ericz\AppData\Local\Temp\cchvyIUM.s 			page 12


 470 01fe DB78     		ldrb	r3, [r3, #3]	@ zero_extendqisi2
 471 0200 13F0FF0F 		tst	r3, #255
 472 0204 3FF440AF 		beq	.L13
 159:.\main.c      ****                 lanternModeChanged = 0;
 473              		.loc 1 159 0
 474 0208 074B     		ldr	r3, .L31+16
 475 020a 0022     		movs	r2, #0
 476 020c DA70     		strb	r2, [r3, #3]
 160:.\main.c      ****                 lightLantern(lanternMode);
 477              		.loc 1 160 0
 478 020e 9878     		ldrb	r0, [r3, #2]	@ zero_extendqisi2
 479 0210 FFF7FEFF 		bl	lightLantern
 480              	.LVL35:
 481 0214 38E7     		b	.L13
 482              	.L32:
 483 0216 00BF     		.align	2
 484              	.L31:
 485 0218 00000000 		.word	Mode_Handler
 486 021c 00000000 		.word	.LANCHOR2
 487 0220 00000000 		.word	Bright_Handler
 488 0224 00000000 		.word	LanternToggle_Handler
 489 0228 00000000 		.word	.LANCHOR0
 490 022c 00000000 		.word	.LANCHOR1
 491              		.cfi_endproc
 492              	.LFE66:
 493              		.size	main, .-main
 494              		.global	brightnessChanged
 495              		.global	brightness
 496              		.global	brightIdx
 497              		.global	lanternModeChanged
 498              		.global	lanternMode
 499              		.global	mode_changed
 500              		.global	mode
 501              		.comm	sineBrightness,256,4
 502              		.section	.rodata
 503              		.align	2
 504              		.set	.LANCHOR2,. + 0
 505              	.LC0:
 506 0000 80       		.byte	-128
 507 0001 80       		.byte	-128
 508 0002 80       		.byte	-128
 509 0003 80       		.byte	-128
 510              		.data
 511              		.set	.LANCHOR1,. + 0
 512              		.type	brightness, %object
 513              		.size	brightness, 1
 514              	brightness:
 515 0000 FF       		.byte	-1
 516              		.bss
 517              		.set	.LANCHOR0,. + 0
 518              		.type	mode, %object
 519              		.size	mode, 1
 520              	mode:
 521 0000 00       		.space	1
 522              		.type	mode_changed, %object
 523              		.size	mode_changed, 1
 524              	mode_changed:
ARM GAS  C:\Users\ericz\AppData\Local\Temp\cchvyIUM.s 			page 13


 525 0001 00       		.space	1
 526              		.type	lanternMode, %object
 527              		.size	lanternMode, 1
 528              	lanternMode:
 529 0002 00       		.space	1
 530              		.type	lanternModeChanged, %object
 531              		.size	lanternModeChanged, 1
 532              	lanternModeChanged:
 533 0003 00       		.space	1
 534              		.type	brightnessChanged, %object
 535              		.size	brightnessChanged, 1
 536              	brightnessChanged:
 537 0004 00       		.space	1
 538              		.type	brightIdx, %object
 539              		.size	brightIdx, 1
 540              	brightIdx:
 541 0005 00       		.space	1
 542              		.text
 543              	.Letext0:
 544              		.file 2 "c:\\program files (x86)\\cypress\\psoc creator\\3.3\\psoc creator\\import\\gnu\\arm\\4.9.
 545              		.file 3 "c:\\program files (x86)\\cypress\\psoc creator\\3.3\\psoc creator\\import\\gnu\\arm\\4.9.
 546              		.file 4 "Generated_Source\\PSoC5/cytypes.h"
 547              		.file 5 "Generated_Source\\PSoC5/core_cm3.h"
 548              		.file 6 ".\\lantern.h"
 549              		.file 7 "Generated_Source\\PSoC5/SPIM_0.h"
 550              		.file 8 "Generated_Source\\PSoC5/SPIM_1.h"
 551              		.file 9 "Generated_Source\\PSoC5/SPIM_2.h"
 552              		.file 10 "Generated_Source\\PSoC5/SPIM_3.h"
 553              		.file 11 ".\\dma_util.h"
 554              		.file 12 ".\\tft.h"
 555              		.file 13 "Generated_Source\\PSoC5/I2C_1.h"
 556              		.file 14 ".\\imu.h"
 557              		.file 15 "Generated_Source\\PSoC5/MODE_ISR.h"
 558              		.file 16 "Generated_Source\\PSoC5/BRIGHT_ISR.h"
 559              		.file 17 "Generated_Source\\PSoC5/LANTERN_TOGGLE_ISR.h"
 560              		.file 18 "Generated_Source\\PSoC5/PWM_1.h"
 561              		.file 19 "Generated_Source\\PSoC5/LED_MODE_1.h"
 562              		.file 20 "Generated_Source\\PSoC5/LED_MODE_2.h"
 563              		.file 21 ".\\snowglobe.h"
 564              		.file 22 ".\\rotate_liquid.h"
 565              		.section	.debug_info,"",%progbits
 566              	.Ldebug_info0:
 567 0000 FE050000 		.4byte	0x5fe
 568 0004 0400     		.2byte	0x4
 569 0006 00000000 		.4byte	.Ldebug_abbrev0
 570 000a 04       		.byte	0x4
 571 000b 01       		.uleb128 0x1
 572 000c D5020000 		.4byte	.LASF58
 573 0010 01       		.byte	0x1
 574 0011 25000000 		.4byte	.LASF59
 575 0015 9A020000 		.4byte	.LASF60
 576 0019 00000000 		.4byte	.Ldebug_ranges0+0
 577 001d 00000000 		.4byte	0
 578 0021 00000000 		.4byte	.Ldebug_line0
 579 0025 02       		.uleb128 0x2
 580 0026 01       		.byte	0x1
 581 0027 06       		.byte	0x6
ARM GAS  C:\Users\ericz\AppData\Local\Temp\cchvyIUM.s 			page 14


 582 0028 9E010000 		.4byte	.LASF0
 583 002c 03       		.uleb128 0x3
 584 002d 13010000 		.4byte	.LASF2
 585 0031 02       		.byte	0x2
 586 0032 1D       		.byte	0x1d
 587 0033 37000000 		.4byte	0x37
 588 0037 02       		.uleb128 0x2
 589 0038 01       		.byte	0x1
 590 0039 08       		.byte	0x8
 591 003a 6C010000 		.4byte	.LASF1
 592 003e 03       		.uleb128 0x3
 593 003f 6A030000 		.4byte	.LASF3
 594 0043 02       		.byte	0x2
 595 0044 29       		.byte	0x29
 596 0045 49000000 		.4byte	0x49
 597 0049 02       		.uleb128 0x2
 598 004a 02       		.byte	0x2
 599 004b 05       		.byte	0x5
 600 004c 3F000000 		.4byte	.LASF4
 601 0050 03       		.uleb128 0x3
 602 0051 96000000 		.4byte	.LASF5
 603 0055 02       		.byte	0x2
 604 0056 2B       		.byte	0x2b
 605 0057 5B000000 		.4byte	0x5b
 606 005b 02       		.uleb128 0x2
 607 005c 02       		.byte	0x2
 608 005d 07       		.byte	0x7
 609 005e ED010000 		.4byte	.LASF6
 610 0062 03       		.uleb128 0x3
 611 0063 CB020000 		.4byte	.LASF7
 612 0067 02       		.byte	0x2
 613 0068 3F       		.byte	0x3f
 614 0069 6D000000 		.4byte	0x6d
 615 006d 02       		.uleb128 0x2
 616 006e 04       		.byte	0x4
 617 006f 05       		.byte	0x5
 618 0070 DB000000 		.4byte	.LASF8
 619 0074 02       		.uleb128 0x2
 620 0075 04       		.byte	0x4
 621 0076 07       		.byte	0x7
 622 0077 75020000 		.4byte	.LASF9
 623 007b 02       		.uleb128 0x2
 624 007c 08       		.byte	0x8
 625 007d 05       		.byte	0x5
 626 007e C2000000 		.4byte	.LASF10
 627 0082 02       		.uleb128 0x2
 628 0083 08       		.byte	0x8
 629 0084 07       		.byte	0x7
 630 0085 AA010000 		.4byte	.LASF11
 631 0089 04       		.uleb128 0x4
 632 008a 04       		.byte	0x4
 633 008b 05       		.byte	0x5
 634 008c 696E7400 		.ascii	"int\000"
 635 0090 02       		.uleb128 0x2
 636 0091 04       		.byte	0x4
 637 0092 07       		.byte	0x7
 638 0093 C1010000 		.4byte	.LASF12
ARM GAS  C:\Users\ericz\AppData\Local\Temp\cchvyIUM.s 			page 15


 639 0097 03       		.uleb128 0x3
 640 0098 AE000000 		.4byte	.LASF13
 641 009c 03       		.byte	0x3
 642 009d 15       		.byte	0x15
 643 009e 2C000000 		.4byte	0x2c
 644 00a2 03       		.uleb128 0x3
 645 00a3 5A020000 		.4byte	.LASF14
 646 00a7 03       		.byte	0x3
 647 00a8 20       		.byte	0x20
 648 00a9 3E000000 		.4byte	0x3e
 649 00ad 03       		.uleb128 0x3
 650 00ae CE010000 		.4byte	.LASF15
 651 00b2 03       		.byte	0x3
 652 00b3 21       		.byte	0x21
 653 00b4 50000000 		.4byte	0x50
 654 00b8 03       		.uleb128 0x3
 655 00b9 52020000 		.4byte	.LASF16
 656 00bd 03       		.byte	0x3
 657 00be 2C       		.byte	0x2c
 658 00bf 62000000 		.4byte	0x62
 659 00c3 05       		.uleb128 0x5
 660 00c4 62020000 		.4byte	.LASF17
 661 00c8 04       		.byte	0x4
 662 00c9 9201     		.2byte	0x192
 663 00cb 37000000 		.4byte	0x37
 664 00cf 05       		.uleb128 0x5
 665 00d0 B6000000 		.4byte	.LASF18
 666 00d4 04       		.byte	0x4
 667 00d5 9601     		.2byte	0x196
 668 00d7 49000000 		.4byte	0x49
 669 00db 02       		.uleb128 0x2
 670 00dc 04       		.byte	0x4
 671 00dd 04       		.byte	0x4
 672 00de BC000000 		.4byte	.LASF19
 673 00e2 02       		.uleb128 0x2
 674 00e3 08       		.byte	0x8
 675 00e4 04       		.byte	0x4
 676 00e5 87020000 		.4byte	.LASF20
 677 00e9 02       		.uleb128 0x2
 678 00ea 01       		.byte	0x1
 679 00eb 08       		.byte	0x8
 680 00ec 29020000 		.4byte	.LASF21
 681 00f0 05       		.uleb128 0x5
 682 00f1 88010000 		.4byte	.LASF22
 683 00f5 04       		.byte	0x4
 684 00f6 4E02     		.2byte	0x24e
 685 00f8 FC000000 		.4byte	0xfc
 686 00fc 06       		.uleb128 0x6
 687 00fd 04       		.byte	0x4
 688 00fe 02010000 		.4byte	0x102
 689 0102 07       		.uleb128 0x7
 690 0103 02       		.uleb128 0x2
 691 0104 04       		.byte	0x4
 692 0105 07       		.byte	0x7
 693 0106 64000000 		.4byte	.LASF23
 694 010a 08       		.uleb128 0x8
 695 010b 97000000 		.4byte	0x97
ARM GAS  C:\Users\ericz\AppData\Local\Temp\cchvyIUM.s 			page 16


 696 010f 09       		.uleb128 0x9
 697 0110 B8030000 		.4byte	.LASF24
 698 0114 01       		.byte	0x1
 699 0115 0E       		.byte	0xe
 700 0116 00000000 		.4byte	.LFB63
 701 011a 28000000 		.4byte	.LFE63-.LFB63
 702 011e 01       		.uleb128 0x1
 703 011f 9C       		.byte	0x9c
 704 0120 09       		.uleb128 0x9
 705 0121 13020000 		.4byte	.LASF25
 706 0125 01       		.byte	0x1
 707 0126 16       		.byte	0x16
 708 0127 00000000 		.4byte	.LFB64
 709 012b 1C000000 		.4byte	.LFE64-.LFB64
 710 012f 01       		.uleb128 0x1
 711 0130 9C       		.byte	0x9c
 712 0131 09       		.uleb128 0x9
 713 0132 1D010000 		.4byte	.LASF26
 714 0136 01       		.byte	0x1
 715 0137 1F       		.byte	0x1f
 716 0138 00000000 		.4byte	.LFB65
 717 013c 54000000 		.4byte	.LFE65-.LFB65
 718 0140 01       		.uleb128 0x1
 719 0141 9C       		.byte	0x9c
 720 0142 0A       		.uleb128 0xa
 721 0143 8C000000 		.4byte	.LASF61
 722 0147 01       		.byte	0x1
 723 0148 2E       		.byte	0x2e
 724 0149 89000000 		.4byte	0x89
 725 014d 00000000 		.4byte	.LFB66
 726 0151 30020000 		.4byte	.LFE66-.LFB66
 727 0155 01       		.uleb128 0x1
 728 0156 9C       		.byte	0x9c
 729 0157 E2030000 		.4byte	0x3e2
 730 015b 0B       		.uleb128 0xb
 731 015c 617800   		.ascii	"ax\000"
 732 015f 01       		.byte	0x1
 733 0160 49       		.byte	0x49
 734 0161 A2000000 		.4byte	0xa2
 735 0165 02       		.uleb128 0x2
 736 0166 91       		.byte	0x91
 737 0167 76       		.sleb128 -10
 738 0168 0B       		.uleb128 0xb
 739 0169 617900   		.ascii	"ay\000"
 740 016c 01       		.byte	0x1
 741 016d 49       		.byte	0x49
 742 016e A2000000 		.4byte	0xa2
 743 0172 02       		.uleb128 0x2
 744 0173 91       		.byte	0x91
 745 0174 74       		.sleb128 -12
 746 0175 0B       		.uleb128 0xb
 747 0176 617A00   		.ascii	"az\000"
 748 0179 01       		.byte	0x1
 749 017a 49       		.byte	0x49
 750 017b A2000000 		.4byte	0xa2
 751 017f 02       		.uleb128 0x2
 752 0180 91       		.byte	0x91
ARM GAS  C:\Users\ericz\AppData\Local\Temp\cchvyIUM.s 			page 17


 753 0181 72       		.sleb128 -14
 754 0182 0C       		.uleb128 0xc
 755 0183 677800   		.ascii	"gx\000"
 756 0186 01       		.byte	0x1
 757 0187 4A       		.byte	0x4a
 758 0188 A2000000 		.4byte	0xa2
 759 018c 0C       		.uleb128 0xc
 760 018d 677900   		.ascii	"gy\000"
 761 0190 01       		.byte	0x1
 762 0191 4A       		.byte	0x4a
 763 0192 A2000000 		.4byte	0xa2
 764 0196 0C       		.uleb128 0xc
 765 0197 677A00   		.ascii	"gz\000"
 766 019a 01       		.byte	0x1
 767 019b 4A       		.byte	0x4a
 768 019c A2000000 		.4byte	0xa2
 769 01a0 0D       		.uleb128 0xd
 770 01a1 95010000 		.4byte	.LASF27
 771 01a5 01       		.byte	0x1
 772 01a6 56       		.byte	0x56
 773 01a7 E2030000 		.4byte	0x3e2
 774 01ab 02       		.uleb128 0x2
 775 01ac 91       		.byte	0x91
 776 01ad 6C       		.sleb128 -20
 777 01ae 0D       		.uleb128 0xd
 778 01af 63030000 		.4byte	.LASF28
 779 01b3 01       		.byte	0x1
 780 01b4 57       		.byte	0x57
 781 01b5 F2030000 		.4byte	0x3f2
 782 01b9 02       		.uleb128 0x2
 783 01ba 91       		.byte	0x91
 784 01bb 64       		.sleb128 -28
 785 01bc 0E       		.uleb128 0xe
 786 01bd 0A000000 		.4byte	.LVL0
 787 01c1 B0040000 		.4byte	0x4b0
 788 01c5 0E       		.uleb128 0xe
 789 01c6 0E000000 		.4byte	.LVL1
 790 01ca B7040000 		.4byte	0x4b7
 791 01ce 0E       		.uleb128 0xe
 792 01cf 12000000 		.4byte	.LVL2
 793 01d3 BE040000 		.4byte	0x4be
 794 01d7 0E       		.uleb128 0xe
 795 01d8 16000000 		.4byte	.LVL3
 796 01dc C5040000 		.4byte	0x4c5
 797 01e0 0F       		.uleb128 0xf
 798 01e1 1C000000 		.4byte	.LVL4
 799 01e5 CC040000 		.4byte	0x4cc
 800 01e9 F3010000 		.4byte	0x1f3
 801 01ed 10       		.uleb128 0x10
 802 01ee 01       		.uleb128 0x1
 803 01ef 50       		.byte	0x50
 804 01f0 01       		.uleb128 0x1
 805 01f1 30       		.byte	0x30
 806 01f2 00       		.byte	0
 807 01f3 0F       		.uleb128 0xf
 808 01f4 22000000 		.4byte	.LVL5
 809 01f8 CC040000 		.4byte	0x4cc
ARM GAS  C:\Users\ericz\AppData\Local\Temp\cchvyIUM.s 			page 18


 810 01fc 06020000 		.4byte	0x206
 811 0200 10       		.uleb128 0x10
 812 0201 01       		.uleb128 0x1
 813 0202 50       		.byte	0x50
 814 0203 01       		.uleb128 0x1
 815 0204 31       		.byte	0x31
 816 0205 00       		.byte	0
 817 0206 0F       		.uleb128 0xf
 818 0207 28000000 		.4byte	.LVL6
 819 020b CC040000 		.4byte	0x4cc
 820 020f 19020000 		.4byte	0x219
 821 0213 10       		.uleb128 0x10
 822 0214 01       		.uleb128 0x1
 823 0215 50       		.byte	0x50
 824 0216 01       		.uleb128 0x1
 825 0217 32       		.byte	0x32
 826 0218 00       		.byte	0
 827 0219 0F       		.uleb128 0xf
 828 021a 2E000000 		.4byte	.LVL7
 829 021e CC040000 		.4byte	0x4cc
 830 0222 2C020000 		.4byte	0x22c
 831 0226 10       		.uleb128 0x10
 832 0227 01       		.uleb128 0x1
 833 0228 50       		.byte	0x50
 834 0229 01       		.uleb128 0x1
 835 022a 33       		.byte	0x33
 836 022b 00       		.byte	0
 837 022c 0F       		.uleb128 0xf
 838 022d 34000000 		.4byte	.LVL8
 839 0231 DD040000 		.4byte	0x4dd
 840 0235 3F020000 		.4byte	0x23f
 841 0239 10       		.uleb128 0x10
 842 023a 01       		.uleb128 0x1
 843 023b 50       		.byte	0x50
 844 023c 01       		.uleb128 0x1
 845 023d 30       		.byte	0x30
 846 023e 00       		.byte	0
 847 023f 0F       		.uleb128 0xf
 848 0240 3A000000 		.4byte	.LVL9
 849 0244 DD040000 		.4byte	0x4dd
 850 0248 52020000 		.4byte	0x252
 851 024c 10       		.uleb128 0x10
 852 024d 01       		.uleb128 0x1
 853 024e 50       		.byte	0x50
 854 024f 01       		.uleb128 0x1
 855 0250 31       		.byte	0x31
 856 0251 00       		.byte	0
 857 0252 0F       		.uleb128 0xf
 858 0253 40000000 		.4byte	.LVL10
 859 0257 DD040000 		.4byte	0x4dd
 860 025b 65020000 		.4byte	0x265
 861 025f 10       		.uleb128 0x10
 862 0260 01       		.uleb128 0x1
 863 0261 50       		.byte	0x50
 864 0262 01       		.uleb128 0x1
 865 0263 32       		.byte	0x32
 866 0264 00       		.byte	0
ARM GAS  C:\Users\ericz\AppData\Local\Temp\cchvyIUM.s 			page 19


 867 0265 0F       		.uleb128 0xf
 868 0266 46000000 		.4byte	.LVL11
 869 026a DD040000 		.4byte	0x4dd
 870 026e 78020000 		.4byte	0x278
 871 0272 10       		.uleb128 0x10
 872 0273 01       		.uleb128 0x1
 873 0274 50       		.byte	0x50
 874 0275 01       		.uleb128 0x1
 875 0276 33       		.byte	0x33
 876 0277 00       		.byte	0
 877 0278 0E       		.uleb128 0xe
 878 0279 4A000000 		.4byte	.LVL12
 879 027d EE040000 		.4byte	0x4ee
 880 0281 0E       		.uleb128 0xe
 881 0282 4E000000 		.4byte	.LVL13
 882 0286 F5040000 		.4byte	0x4f5
 883 028a 0F       		.uleb128 0xf
 884 028b 54000000 		.4byte	.LVL14
 885 028f FC040000 		.4byte	0x4fc
 886 0293 9D020000 		.4byte	0x29d
 887 0297 10       		.uleb128 0x10
 888 0298 01       		.uleb128 0x1
 889 0299 50       		.byte	0x50
 890 029a 01       		.uleb128 0x1
 891 029b 30       		.byte	0x30
 892 029c 00       		.byte	0
 893 029d 0F       		.uleb128 0xf
 894 029e 5A000000 		.4byte	.LVL15
 895 02a2 FC040000 		.4byte	0x4fc
 896 02a6 B0020000 		.4byte	0x2b0
 897 02aa 10       		.uleb128 0x10
 898 02ab 01       		.uleb128 0x1
 899 02ac 50       		.byte	0x50
 900 02ad 01       		.uleb128 0x1
 901 02ae 31       		.byte	0x31
 902 02af 00       		.byte	0
 903 02b0 0F       		.uleb128 0xf
 904 02b1 60000000 		.4byte	.LVL16
 905 02b5 FC040000 		.4byte	0x4fc
 906 02b9 C3020000 		.4byte	0x2c3
 907 02bd 10       		.uleb128 0x10
 908 02be 01       		.uleb128 0x1
 909 02bf 50       		.byte	0x50
 910 02c0 01       		.uleb128 0x1
 911 02c1 32       		.byte	0x32
 912 02c2 00       		.byte	0
 913 02c3 0F       		.uleb128 0xf
 914 02c4 66000000 		.4byte	.LVL17
 915 02c8 FC040000 		.4byte	0x4fc
 916 02cc D6020000 		.4byte	0x2d6
 917 02d0 10       		.uleb128 0x10
 918 02d1 01       		.uleb128 0x1
 919 02d2 50       		.byte	0x50
 920 02d3 01       		.uleb128 0x1
 921 02d4 33       		.byte	0x33
 922 02d5 00       		.byte	0
 923 02d6 0F       		.uleb128 0xf
ARM GAS  C:\Users\ericz\AppData\Local\Temp\cchvyIUM.s 			page 20


 924 02d7 6C000000 		.4byte	.LVL18
 925 02db 0D050000 		.4byte	0x50d
 926 02df ED020000 		.4byte	0x2ed
 927 02e3 10       		.uleb128 0x10
 928 02e4 01       		.uleb128 0x1
 929 02e5 50       		.byte	0x50
 930 02e6 05       		.uleb128 0x5
 931 02e7 03       		.byte	0x3
 932 02e8 00000000 		.4byte	Mode_Handler
 933 02ec 00       		.byte	0
 934 02ed 0F       		.uleb128 0xf
 935 02ee 7E000000 		.4byte	.LVL19
 936 02f2 1E050000 		.4byte	0x51e
 937 02f6 04030000 		.4byte	0x304
 938 02fa 10       		.uleb128 0x10
 939 02fb 01       		.uleb128 0x1
 940 02fc 50       		.byte	0x50
 941 02fd 05       		.uleb128 0x5
 942 02fe 03       		.byte	0x3
 943 02ff 00000000 		.4byte	Bright_Handler
 944 0303 00       		.byte	0
 945 0304 0F       		.uleb128 0xf
 946 0305 84000000 		.4byte	.LVL20
 947 0309 2F050000 		.4byte	0x52f
 948 030d 1B030000 		.4byte	0x31b
 949 0311 10       		.uleb128 0x10
 950 0312 01       		.uleb128 0x1
 951 0313 50       		.byte	0x50
 952 0314 05       		.uleb128 0x5
 953 0315 03       		.byte	0x3
 954 0316 00000000 		.4byte	LanternToggle_Handler
 955 031a 00       		.byte	0
 956 031b 0E       		.uleb128 0xe
 957 031c 88000000 		.4byte	.LVL21
 958 0320 40050000 		.4byte	0x540
 959 0324 0E       		.uleb128 0xe
 960 0325 A2000000 		.4byte	.LVL22
 961 0329 47050000 		.4byte	0x547
 962 032d 0E       		.uleb128 0xe
 963 032e AC000000 		.4byte	.LVL23
 964 0332 58050000 		.4byte	0x558
 965 0336 0E       		.uleb128 0xe
 966 0337 B8000000 		.4byte	.LVL24
 967 033b 69050000 		.4byte	0x569
 968 033f 0E       		.uleb128 0xe
 969 0340 CA000000 		.4byte	.LVL25
 970 0344 70050000 		.4byte	0x570
 971 0348 0E       		.uleb128 0xe
 972 0349 E2000000 		.4byte	.LVL26
 973 034d 81050000 		.4byte	0x581
 974 0351 0F       		.uleb128 0xf
 975 0352 FA000000 		.4byte	.LVL27
 976 0356 92050000 		.4byte	0x592
 977 035a 71030000 		.4byte	0x371
 978 035e 10       		.uleb128 0x10
 979 035f 01       		.uleb128 0x1
 980 0360 52       		.byte	0x52
ARM GAS  C:\Users\ericz\AppData\Local\Temp\cchvyIUM.s 			page 21


 981 0361 02       		.uleb128 0x2
 982 0362 91       		.byte	0x91
 983 0363 72       		.sleb128 -14
 984 0364 10       		.uleb128 0x10
 985 0365 01       		.uleb128 0x1
 986 0366 51       		.byte	0x51
 987 0367 02       		.uleb128 0x2
 988 0368 91       		.byte	0x91
 989 0369 74       		.sleb128 -12
 990 036a 10       		.uleb128 0x10
 991 036b 01       		.uleb128 0x1
 992 036c 50       		.byte	0x50
 993 036d 02       		.uleb128 0x2
 994 036e 91       		.byte	0x91
 995 036f 76       		.sleb128 -10
 996 0370 00       		.byte	0
 997 0371 0E       		.uleb128 0xe
 998 0372 58010000 		.4byte	.LVL28
 999 0376 B3050000 		.4byte	0x5b3
 1000 037a 0E       		.uleb128 0xe
 1001 037b 64010000 		.4byte	.LVL29
 1002 037f B3050000 		.4byte	0x5b3
 1003 0383 0E       		.uleb128 0xe
 1004 0384 AC010000 		.4byte	.LVL30
 1005 0388 B3050000 		.4byte	0x5b3
 1006 038c 0E       		.uleb128 0xe
 1007 038d B8010000 		.4byte	.LVL31
 1008 0391 B3050000 		.4byte	0x5b3
 1009 0395 0F       		.uleb128 0xf
 1010 0396 C4010000 		.4byte	.LVL32
 1011 039a C8050000 		.4byte	0x5c8
 1012 039e AF030000 		.4byte	0x3af
 1013 03a2 10       		.uleb128 0x10
 1014 03a3 01       		.uleb128 0x1
 1015 03a4 51       		.byte	0x51
 1016 03a5 02       		.uleb128 0x2
 1017 03a6 91       		.byte	0x91
 1018 03a7 64       		.sleb128 -28
 1019 03a8 10       		.uleb128 0x10
 1020 03a9 01       		.uleb128 0x1
 1021 03aa 50       		.byte	0x50
 1022 03ab 02       		.uleb128 0x2
 1023 03ac 91       		.byte	0x91
 1024 03ad 6C       		.sleb128 -20
 1025 03ae 00       		.byte	0
 1026 03af 0F       		.uleb128 0xf
 1027 03b0 DE010000 		.4byte	.LVL33
 1028 03b4 92050000 		.4byte	0x592
 1029 03b8 CF030000 		.4byte	0x3cf
 1030 03bc 10       		.uleb128 0x10
 1031 03bd 01       		.uleb128 0x1
 1032 03be 52       		.byte	0x52
 1033 03bf 02       		.uleb128 0x2
 1034 03c0 91       		.byte	0x91
 1035 03c1 72       		.sleb128 -14
 1036 03c2 10       		.uleb128 0x10
 1037 03c3 01       		.uleb128 0x1
ARM GAS  C:\Users\ericz\AppData\Local\Temp\cchvyIUM.s 			page 22


 1038 03c4 51       		.byte	0x51
 1039 03c5 02       		.uleb128 0x2
 1040 03c6 91       		.byte	0x91
 1041 03c7 74       		.sleb128 -12
 1042 03c8 10       		.uleb128 0x10
 1043 03c9 01       		.uleb128 0x1
 1044 03ca 50       		.byte	0x50
 1045 03cb 02       		.uleb128 0x2
 1046 03cc 91       		.byte	0x91
 1047 03cd 76       		.sleb128 -10
 1048 03ce 00       		.byte	0
 1049 03cf 0E       		.uleb128 0xe
 1050 03d0 EE010000 		.4byte	.LVL34
 1051 03d4 EA050000 		.4byte	0x5ea
 1052 03d8 0E       		.uleb128 0xe
 1053 03d9 14020000 		.4byte	.LVL35
 1054 03dd 70050000 		.4byte	0x570
 1055 03e1 00       		.byte	0
 1056 03e2 11       		.uleb128 0x11
 1057 03e3 97000000 		.4byte	0x97
 1058 03e7 F2030000 		.4byte	0x3f2
 1059 03eb 12       		.uleb128 0x12
 1060 03ec 03010000 		.4byte	0x103
 1061 03f0 03       		.byte	0x3
 1062 03f1 00       		.byte	0
 1063 03f2 11       		.uleb128 0x11
 1064 03f3 AD000000 		.4byte	0xad
 1065 03f7 02040000 		.4byte	0x402
 1066 03fb 12       		.uleb128 0x12
 1067 03fc 03010000 		.4byte	0x103
 1068 0400 03       		.byte	0x3
 1069 0401 00       		.byte	0
 1070 0402 13       		.uleb128 0x13
 1071 0403 AB030000 		.4byte	.LASF29
 1072 0407 05       		.byte	0x5
 1073 0408 9606     		.2byte	0x696
 1074 040a 0E040000 		.4byte	0x40e
 1075 040e 08       		.uleb128 0x8
 1076 040f B8000000 		.4byte	0xb8
 1077 0413 11       		.uleb128 0x11
 1078 0414 97000000 		.4byte	0x97
 1079 0418 23040000 		.4byte	0x423
 1080 041c 12       		.uleb128 0x12
 1081 041d 03010000 		.4byte	0x103
 1082 0421 FF       		.byte	0xff
 1083 0422 00       		.byte	0
 1084 0423 14       		.uleb128 0x14
 1085 0424 74030000 		.4byte	.LASF30
 1086 0428 06       		.byte	0x6
 1087 0429 03       		.byte	0x3
 1088 042a 34040000 		.4byte	0x434
 1089 042e 05       		.uleb128 0x5
 1090 042f 03       		.byte	0x3
 1091 0430 00000000 		.4byte	sineBrightness
 1092 0434 15       		.uleb128 0x15
 1093 0435 13040000 		.4byte	0x413
 1094 0439 14       		.uleb128 0x14
ARM GAS  C:\Users\ericz\AppData\Local\Temp\cchvyIUM.s 			page 23


 1095 043a 91000000 		.4byte	.LASF31
 1096 043e 01       		.byte	0x1
 1097 043f 0C       		.byte	0xc
 1098 0440 0A010000 		.4byte	0x10a
 1099 0444 05       		.uleb128 0x5
 1100 0445 03       		.byte	0x3
 1101 0446 00000000 		.4byte	mode
 1102 044a 14       		.uleb128 0x14
 1103 044b A1000000 		.4byte	.LASF32
 1104 044f 01       		.byte	0x1
 1105 0450 0D       		.byte	0xd
 1106 0451 0A010000 		.4byte	0x10a
 1107 0455 05       		.uleb128 0x5
 1108 0456 03       		.byte	0x3
 1109 0457 00000000 		.4byte	mode_changed
 1110 045b 14       		.uleb128 0x14
 1111 045c 8E020000 		.4byte	.LASF33
 1112 0460 01       		.byte	0x1
 1113 0461 14       		.byte	0x14
 1114 0462 0A010000 		.4byte	0x10a
 1115 0466 05       		.uleb128 0x5
 1116 0467 03       		.byte	0x3
 1117 0468 00000000 		.4byte	lanternMode
 1118 046c 14       		.uleb128 0x14
 1119 046d 3F020000 		.4byte	.LASF34
 1120 0471 01       		.byte	0x1
 1121 0472 15       		.byte	0x15
 1122 0473 0A010000 		.4byte	0x10a
 1123 0477 05       		.uleb128 0x5
 1124 0478 03       		.byte	0x3
 1125 0479 00000000 		.4byte	lanternModeChanged
 1126 047d 14       		.uleb128 0x14
 1127 047e E4000000 		.4byte	.LASF35
 1128 0482 01       		.byte	0x1
 1129 0483 1C       		.byte	0x1c
 1130 0484 0A010000 		.4byte	0x10a
 1131 0488 05       		.uleb128 0x5
 1132 0489 03       		.byte	0x3
 1133 048a 00000000 		.4byte	brightIdx
 1134 048e 14       		.uleb128 0x14
 1135 048f D7010000 		.4byte	.LASF36
 1136 0493 01       		.byte	0x1
 1137 0494 1D       		.byte	0x1d
 1138 0495 0A010000 		.4byte	0x10a
 1139 0499 05       		.uleb128 0x5
 1140 049a 03       		.byte	0x3
 1141 049b 00000000 		.4byte	brightness
 1142 049f 14       		.uleb128 0x14
 1143 04a0 83030000 		.4byte	.LASF37
 1144 04a4 01       		.byte	0x1
 1145 04a5 1E       		.byte	0x1e
 1146 04a6 0A010000 		.4byte	0x10a
 1147 04aa 05       		.uleb128 0x5
 1148 04ab 03       		.byte	0x3
 1149 04ac 00000000 		.4byte	brightnessChanged
 1150 04b0 16       		.uleb128 0x16
 1151 04b1 EE000000 		.4byte	.LASF38
ARM GAS  C:\Users\ericz\AppData\Local\Temp\cchvyIUM.s 			page 24


 1152 04b5 07       		.byte	0x7
 1153 04b6 53       		.byte	0x53
 1154 04b7 16       		.uleb128 0x16
 1155 04b8 95030000 		.4byte	.LASF39
 1156 04bc 08       		.byte	0x8
 1157 04bd 53       		.byte	0x53
 1158 04be 16       		.uleb128 0x16
 1159 04bf 5F010000 		.4byte	.LASF40
 1160 04c3 09       		.byte	0x9
 1161 04c4 53       		.byte	0x53
 1162 04c5 16       		.uleb128 0x16
 1163 04c6 00000000 		.4byte	.LASF41
 1164 04ca 0A       		.byte	0xa
 1165 04cb 53       		.byte	0x53
 1166 04cc 17       		.uleb128 0x17
 1167 04cd C5030000 		.4byte	.LASF42
 1168 04d1 0B       		.byte	0xb
 1169 04d2 1C       		.byte	0x1c
 1170 04d3 DD040000 		.4byte	0x4dd
 1171 04d7 18       		.uleb128 0x18
 1172 04d8 C3000000 		.4byte	0xc3
 1173 04dc 00       		.byte	0
 1174 04dd 17       		.uleb128 0x17
 1175 04de A2030000 		.4byte	.LASF43
 1176 04e2 0C       		.byte	0xc
 1177 04e3 13       		.byte	0x13
 1178 04e4 EE040000 		.4byte	0x4ee
 1179 04e8 18       		.uleb128 0x18
 1180 04e9 C3000000 		.4byte	0xc3
 1181 04ed 00       		.byte	0
 1182 04ee 16       		.uleb128 0x16
 1183 04ef 0D000000 		.4byte	.LASF44
 1184 04f3 0D       		.byte	0xd
 1185 04f4 93       		.byte	0x93
 1186 04f5 16       		.uleb128 0x16
 1187 04f6 7A010000 		.4byte	.LASF45
 1188 04fa 0E       		.byte	0xe
 1189 04fb 08       		.byte	0x8
 1190 04fc 17       		.uleb128 0x17
 1191 04fd FB000000 		.4byte	.LASF46
 1192 0501 0B       		.byte	0xb
 1193 0502 1E       		.byte	0x1e
 1194 0503 0D050000 		.4byte	0x50d
 1195 0507 18       		.uleb128 0x18
 1196 0508 C3000000 		.4byte	0xc3
 1197 050c 00       		.byte	0
 1198 050d 17       		.uleb128 0x17
 1199 050e 2E000000 		.4byte	.LASF47
 1200 0512 0F       		.byte	0xf
 1201 0513 18       		.byte	0x18
 1202 0514 1E050000 		.4byte	0x51e
 1203 0518 18       		.uleb128 0x18
 1204 0519 F0000000 		.4byte	0xf0
 1205 051d 00       		.byte	0
 1206 051e 17       		.uleb128 0x17
 1207 051f 00020000 		.4byte	.LASF48
 1208 0523 10       		.byte	0x10
ARM GAS  C:\Users\ericz\AppData\Local\Temp\cchvyIUM.s 			page 25


 1209 0524 18       		.byte	0x18
 1210 0525 2F050000 		.4byte	0x52f
 1211 0529 18       		.uleb128 0x18
 1212 052a F0000000 		.4byte	0xf0
 1213 052e 00       		.byte	0
 1214 052f 17       		.uleb128 0x17
 1215 0530 49000000 		.4byte	.LASF49
 1216 0534 11       		.byte	0x11
 1217 0535 18       		.byte	0x18
 1218 0536 40050000 		.4byte	0x540
 1219 053a 18       		.uleb128 0x18
 1220 053b F0000000 		.4byte	0xf0
 1221 053f 00       		.byte	0
 1222 0540 16       		.uleb128 0x16
 1223 0541 19000000 		.4byte	.LASF50
 1224 0545 12       		.byte	0x12
 1225 0546 92       		.byte	0x92
 1226 0547 17       		.uleb128 0x17
 1227 0548 7B000000 		.4byte	.LASF51
 1228 054c 13       		.byte	0x13
 1229 054d 26       		.byte	0x26
 1230 054e 58050000 		.4byte	0x558
 1231 0552 18       		.uleb128 0x18
 1232 0553 C3000000 		.4byte	0xc3
 1233 0557 00       		.byte	0
 1234 0558 17       		.uleb128 0x17
 1235 0559 2E020000 		.4byte	.LASF52
 1236 055d 14       		.byte	0x14
 1237 055e 26       		.byte	0x26
 1238 055f 69050000 		.4byte	0x569
 1239 0563 18       		.uleb128 0x18
 1240 0564 C3000000 		.4byte	0xc3
 1241 0568 00       		.byte	0
 1242 0569 16       		.uleb128 0x16
 1243 056a 6D000000 		.4byte	.LASF53
 1244 056e 15       		.byte	0x15
 1245 056f 07       		.byte	0x7
 1246 0570 17       		.uleb128 0x17
 1247 0571 68020000 		.4byte	.LASF54
 1248 0575 06       		.byte	0x6
 1249 0576 04       		.byte	0x4
 1250 0577 81050000 		.4byte	0x581
 1251 057b 18       		.uleb128 0x18
 1252 057c 97000000 		.4byte	0x97
 1253 0580 00       		.byte	0
 1254 0581 17       		.uleb128 0x17
 1255 0582 4C010000 		.4byte	.LASF55
 1256 0586 12       		.byte	0x12
 1257 0587 C3       		.byte	0xc3
 1258 0588 92050000 		.4byte	0x592
 1259 058c 18       		.uleb128 0x18
 1260 058d C3000000 		.4byte	0xc3
 1261 0591 00       		.byte	0
 1262 0592 17       		.uleb128 0x17
 1263 0593 2C010000 		.4byte	.LASF56
 1264 0597 0E       		.byte	0xe
 1265 0598 09       		.byte	0x9
ARM GAS  C:\Users\ericz\AppData\Local\Temp\cchvyIUM.s 			page 26


 1266 0599 AD050000 		.4byte	0x5ad
 1267 059d 18       		.uleb128 0x18
 1268 059e AD050000 		.4byte	0x5ad
 1269 05a2 18       		.uleb128 0x18
 1270 05a3 AD050000 		.4byte	0x5ad
 1271 05a7 18       		.uleb128 0x18
 1272 05a8 AD050000 		.4byte	0x5ad
 1273 05ac 00       		.byte	0
 1274 05ad 06       		.uleb128 0x6
 1275 05ae 04       		.byte	0x4
 1276 05af CF000000 		.4byte	0xcf
 1277 05b3 19       		.uleb128 0x19
 1278 05b4 E2010000 		.4byte	.LASF62
 1279 05b8 16       		.byte	0x16
 1280 05b9 05       		.byte	0x5
 1281 05ba AD000000 		.4byte	0xad
 1282 05be C8050000 		.4byte	0x5c8
 1283 05c2 18       		.uleb128 0x18
 1284 05c3 97000000 		.4byte	0x97
 1285 05c7 00       		.byte	0
 1286 05c8 17       		.uleb128 0x17
 1287 05c9 D0000000 		.4byte	.LASF57
 1288 05cd 16       		.byte	0x16
 1289 05ce 06       		.byte	0x6
 1290 05cf DE050000 		.4byte	0x5de
 1291 05d3 18       		.uleb128 0x18
 1292 05d4 DE050000 		.4byte	0x5de
 1293 05d8 18       		.uleb128 0x18
 1294 05d9 E4050000 		.4byte	0x5e4
 1295 05dd 00       		.byte	0
 1296 05de 06       		.uleb128 0x6
 1297 05df 04       		.byte	0x4
 1298 05e0 97000000 		.4byte	0x97
 1299 05e4 06       		.uleb128 0x6
 1300 05e5 04       		.byte	0x4
 1301 05e6 AD000000 		.4byte	0xad
 1302 05ea 1A       		.uleb128 0x1a
 1303 05eb 3C010000 		.4byte	.LASF63
 1304 05ef 15       		.byte	0x15
 1305 05f0 08       		.byte	0x8
 1306 05f1 18       		.uleb128 0x18
 1307 05f2 CF000000 		.4byte	0xcf
 1308 05f6 18       		.uleb128 0x18
 1309 05f7 CF000000 		.4byte	0xcf
 1310 05fb 18       		.uleb128 0x18
 1311 05fc CF000000 		.4byte	0xcf
 1312 0600 00       		.byte	0
 1313 0601 00       		.byte	0
 1314              		.section	.debug_abbrev,"",%progbits
 1315              	.Ldebug_abbrev0:
 1316 0000 01       		.uleb128 0x1
 1317 0001 11       		.uleb128 0x11
 1318 0002 01       		.byte	0x1
 1319 0003 25       		.uleb128 0x25
 1320 0004 0E       		.uleb128 0xe
 1321 0005 13       		.uleb128 0x13
 1322 0006 0B       		.uleb128 0xb
ARM GAS  C:\Users\ericz\AppData\Local\Temp\cchvyIUM.s 			page 27


 1323 0007 03       		.uleb128 0x3
 1324 0008 0E       		.uleb128 0xe
 1325 0009 1B       		.uleb128 0x1b
 1326 000a 0E       		.uleb128 0xe
 1327 000b 55       		.uleb128 0x55
 1328 000c 17       		.uleb128 0x17
 1329 000d 11       		.uleb128 0x11
 1330 000e 01       		.uleb128 0x1
 1331 000f 10       		.uleb128 0x10
 1332 0010 17       		.uleb128 0x17
 1333 0011 00       		.byte	0
 1334 0012 00       		.byte	0
 1335 0013 02       		.uleb128 0x2
 1336 0014 24       		.uleb128 0x24
 1337 0015 00       		.byte	0
 1338 0016 0B       		.uleb128 0xb
 1339 0017 0B       		.uleb128 0xb
 1340 0018 3E       		.uleb128 0x3e
 1341 0019 0B       		.uleb128 0xb
 1342 001a 03       		.uleb128 0x3
 1343 001b 0E       		.uleb128 0xe
 1344 001c 00       		.byte	0
 1345 001d 00       		.byte	0
 1346 001e 03       		.uleb128 0x3
 1347 001f 16       		.uleb128 0x16
 1348 0020 00       		.byte	0
 1349 0021 03       		.uleb128 0x3
 1350 0022 0E       		.uleb128 0xe
 1351 0023 3A       		.uleb128 0x3a
 1352 0024 0B       		.uleb128 0xb
 1353 0025 3B       		.uleb128 0x3b
 1354 0026 0B       		.uleb128 0xb
 1355 0027 49       		.uleb128 0x49
 1356 0028 13       		.uleb128 0x13
 1357 0029 00       		.byte	0
 1358 002a 00       		.byte	0
 1359 002b 04       		.uleb128 0x4
 1360 002c 24       		.uleb128 0x24
 1361 002d 00       		.byte	0
 1362 002e 0B       		.uleb128 0xb
 1363 002f 0B       		.uleb128 0xb
 1364 0030 3E       		.uleb128 0x3e
 1365 0031 0B       		.uleb128 0xb
 1366 0032 03       		.uleb128 0x3
 1367 0033 08       		.uleb128 0x8
 1368 0034 00       		.byte	0
 1369 0035 00       		.byte	0
 1370 0036 05       		.uleb128 0x5
 1371 0037 16       		.uleb128 0x16
 1372 0038 00       		.byte	0
 1373 0039 03       		.uleb128 0x3
 1374 003a 0E       		.uleb128 0xe
 1375 003b 3A       		.uleb128 0x3a
 1376 003c 0B       		.uleb128 0xb
 1377 003d 3B       		.uleb128 0x3b
 1378 003e 05       		.uleb128 0x5
 1379 003f 49       		.uleb128 0x49
ARM GAS  C:\Users\ericz\AppData\Local\Temp\cchvyIUM.s 			page 28


 1380 0040 13       		.uleb128 0x13
 1381 0041 00       		.byte	0
 1382 0042 00       		.byte	0
 1383 0043 06       		.uleb128 0x6
 1384 0044 0F       		.uleb128 0xf
 1385 0045 00       		.byte	0
 1386 0046 0B       		.uleb128 0xb
 1387 0047 0B       		.uleb128 0xb
 1388 0048 49       		.uleb128 0x49
 1389 0049 13       		.uleb128 0x13
 1390 004a 00       		.byte	0
 1391 004b 00       		.byte	0
 1392 004c 07       		.uleb128 0x7
 1393 004d 15       		.uleb128 0x15
 1394 004e 00       		.byte	0
 1395 004f 27       		.uleb128 0x27
 1396 0050 19       		.uleb128 0x19
 1397 0051 00       		.byte	0
 1398 0052 00       		.byte	0
 1399 0053 08       		.uleb128 0x8
 1400 0054 35       		.uleb128 0x35
 1401 0055 00       		.byte	0
 1402 0056 49       		.uleb128 0x49
 1403 0057 13       		.uleb128 0x13
 1404 0058 00       		.byte	0
 1405 0059 00       		.byte	0
 1406 005a 09       		.uleb128 0x9
 1407 005b 2E       		.uleb128 0x2e
 1408 005c 00       		.byte	0
 1409 005d 3F       		.uleb128 0x3f
 1410 005e 19       		.uleb128 0x19
 1411 005f 03       		.uleb128 0x3
 1412 0060 0E       		.uleb128 0xe
 1413 0061 3A       		.uleb128 0x3a
 1414 0062 0B       		.uleb128 0xb
 1415 0063 3B       		.uleb128 0x3b
 1416 0064 0B       		.uleb128 0xb
 1417 0065 27       		.uleb128 0x27
 1418 0066 19       		.uleb128 0x19
 1419 0067 11       		.uleb128 0x11
 1420 0068 01       		.uleb128 0x1
 1421 0069 12       		.uleb128 0x12
 1422 006a 06       		.uleb128 0x6
 1423 006b 40       		.uleb128 0x40
 1424 006c 18       		.uleb128 0x18
 1425 006d 9742     		.uleb128 0x2117
 1426 006f 19       		.uleb128 0x19
 1427 0070 00       		.byte	0
 1428 0071 00       		.byte	0
 1429 0072 0A       		.uleb128 0xa
 1430 0073 2E       		.uleb128 0x2e
 1431 0074 01       		.byte	0x1
 1432 0075 3F       		.uleb128 0x3f
 1433 0076 19       		.uleb128 0x19
 1434 0077 03       		.uleb128 0x3
 1435 0078 0E       		.uleb128 0xe
 1436 0079 3A       		.uleb128 0x3a
ARM GAS  C:\Users\ericz\AppData\Local\Temp\cchvyIUM.s 			page 29


 1437 007a 0B       		.uleb128 0xb
 1438 007b 3B       		.uleb128 0x3b
 1439 007c 0B       		.uleb128 0xb
 1440 007d 49       		.uleb128 0x49
 1441 007e 13       		.uleb128 0x13
 1442 007f 11       		.uleb128 0x11
 1443 0080 01       		.uleb128 0x1
 1444 0081 12       		.uleb128 0x12
 1445 0082 06       		.uleb128 0x6
 1446 0083 40       		.uleb128 0x40
 1447 0084 18       		.uleb128 0x18
 1448 0085 9742     		.uleb128 0x2117
 1449 0087 19       		.uleb128 0x19
 1450 0088 01       		.uleb128 0x1
 1451 0089 13       		.uleb128 0x13
 1452 008a 00       		.byte	0
 1453 008b 00       		.byte	0
 1454 008c 0B       		.uleb128 0xb
 1455 008d 34       		.uleb128 0x34
 1456 008e 00       		.byte	0
 1457 008f 03       		.uleb128 0x3
 1458 0090 08       		.uleb128 0x8
 1459 0091 3A       		.uleb128 0x3a
 1460 0092 0B       		.uleb128 0xb
 1461 0093 3B       		.uleb128 0x3b
 1462 0094 0B       		.uleb128 0xb
 1463 0095 49       		.uleb128 0x49
 1464 0096 13       		.uleb128 0x13
 1465 0097 02       		.uleb128 0x2
 1466 0098 18       		.uleb128 0x18
 1467 0099 00       		.byte	0
 1468 009a 00       		.byte	0
 1469 009b 0C       		.uleb128 0xc
 1470 009c 34       		.uleb128 0x34
 1471 009d 00       		.byte	0
 1472 009e 03       		.uleb128 0x3
 1473 009f 08       		.uleb128 0x8
 1474 00a0 3A       		.uleb128 0x3a
 1475 00a1 0B       		.uleb128 0xb
 1476 00a2 3B       		.uleb128 0x3b
 1477 00a3 0B       		.uleb128 0xb
 1478 00a4 49       		.uleb128 0x49
 1479 00a5 13       		.uleb128 0x13
 1480 00a6 00       		.byte	0
 1481 00a7 00       		.byte	0
 1482 00a8 0D       		.uleb128 0xd
 1483 00a9 34       		.uleb128 0x34
 1484 00aa 00       		.byte	0
 1485 00ab 03       		.uleb128 0x3
 1486 00ac 0E       		.uleb128 0xe
 1487 00ad 3A       		.uleb128 0x3a
 1488 00ae 0B       		.uleb128 0xb
 1489 00af 3B       		.uleb128 0x3b
 1490 00b0 0B       		.uleb128 0xb
 1491 00b1 49       		.uleb128 0x49
 1492 00b2 13       		.uleb128 0x13
 1493 00b3 02       		.uleb128 0x2
ARM GAS  C:\Users\ericz\AppData\Local\Temp\cchvyIUM.s 			page 30


 1494 00b4 18       		.uleb128 0x18
 1495 00b5 00       		.byte	0
 1496 00b6 00       		.byte	0
 1497 00b7 0E       		.uleb128 0xe
 1498 00b8 898201   		.uleb128 0x4109
 1499 00bb 00       		.byte	0
 1500 00bc 11       		.uleb128 0x11
 1501 00bd 01       		.uleb128 0x1
 1502 00be 31       		.uleb128 0x31
 1503 00bf 13       		.uleb128 0x13
 1504 00c0 00       		.byte	0
 1505 00c1 00       		.byte	0
 1506 00c2 0F       		.uleb128 0xf
 1507 00c3 898201   		.uleb128 0x4109
 1508 00c6 01       		.byte	0x1
 1509 00c7 11       		.uleb128 0x11
 1510 00c8 01       		.uleb128 0x1
 1511 00c9 31       		.uleb128 0x31
 1512 00ca 13       		.uleb128 0x13
 1513 00cb 01       		.uleb128 0x1
 1514 00cc 13       		.uleb128 0x13
 1515 00cd 00       		.byte	0
 1516 00ce 00       		.byte	0
 1517 00cf 10       		.uleb128 0x10
 1518 00d0 8A8201   		.uleb128 0x410a
 1519 00d3 00       		.byte	0
 1520 00d4 02       		.uleb128 0x2
 1521 00d5 18       		.uleb128 0x18
 1522 00d6 9142     		.uleb128 0x2111
 1523 00d8 18       		.uleb128 0x18
 1524 00d9 00       		.byte	0
 1525 00da 00       		.byte	0
 1526 00db 11       		.uleb128 0x11
 1527 00dc 01       		.uleb128 0x1
 1528 00dd 01       		.byte	0x1
 1529 00de 49       		.uleb128 0x49
 1530 00df 13       		.uleb128 0x13
 1531 00e0 01       		.uleb128 0x1
 1532 00e1 13       		.uleb128 0x13
 1533 00e2 00       		.byte	0
 1534 00e3 00       		.byte	0
 1535 00e4 12       		.uleb128 0x12
 1536 00e5 21       		.uleb128 0x21
 1537 00e6 00       		.byte	0
 1538 00e7 49       		.uleb128 0x49
 1539 00e8 13       		.uleb128 0x13
 1540 00e9 2F       		.uleb128 0x2f
 1541 00ea 0B       		.uleb128 0xb
 1542 00eb 00       		.byte	0
 1543 00ec 00       		.byte	0
 1544 00ed 13       		.uleb128 0x13
 1545 00ee 34       		.uleb128 0x34
 1546 00ef 00       		.byte	0
 1547 00f0 03       		.uleb128 0x3
 1548 00f1 0E       		.uleb128 0xe
 1549 00f2 3A       		.uleb128 0x3a
 1550 00f3 0B       		.uleb128 0xb
ARM GAS  C:\Users\ericz\AppData\Local\Temp\cchvyIUM.s 			page 31


 1551 00f4 3B       		.uleb128 0x3b
 1552 00f5 05       		.uleb128 0x5
 1553 00f6 49       		.uleb128 0x49
 1554 00f7 13       		.uleb128 0x13
 1555 00f8 3F       		.uleb128 0x3f
 1556 00f9 19       		.uleb128 0x19
 1557 00fa 3C       		.uleb128 0x3c
 1558 00fb 19       		.uleb128 0x19
 1559 00fc 00       		.byte	0
 1560 00fd 00       		.byte	0
 1561 00fe 14       		.uleb128 0x14
 1562 00ff 34       		.uleb128 0x34
 1563 0100 00       		.byte	0
 1564 0101 03       		.uleb128 0x3
 1565 0102 0E       		.uleb128 0xe
 1566 0103 3A       		.uleb128 0x3a
 1567 0104 0B       		.uleb128 0xb
 1568 0105 3B       		.uleb128 0x3b
 1569 0106 0B       		.uleb128 0xb
 1570 0107 49       		.uleb128 0x49
 1571 0108 13       		.uleb128 0x13
 1572 0109 3F       		.uleb128 0x3f
 1573 010a 19       		.uleb128 0x19
 1574 010b 02       		.uleb128 0x2
 1575 010c 18       		.uleb128 0x18
 1576 010d 00       		.byte	0
 1577 010e 00       		.byte	0
 1578 010f 15       		.uleb128 0x15
 1579 0110 26       		.uleb128 0x26
 1580 0111 00       		.byte	0
 1581 0112 49       		.uleb128 0x49
 1582 0113 13       		.uleb128 0x13
 1583 0114 00       		.byte	0
 1584 0115 00       		.byte	0
 1585 0116 16       		.uleb128 0x16
 1586 0117 2E       		.uleb128 0x2e
 1587 0118 00       		.byte	0
 1588 0119 3F       		.uleb128 0x3f
 1589 011a 19       		.uleb128 0x19
 1590 011b 03       		.uleb128 0x3
 1591 011c 0E       		.uleb128 0xe
 1592 011d 3A       		.uleb128 0x3a
 1593 011e 0B       		.uleb128 0xb
 1594 011f 3B       		.uleb128 0x3b
 1595 0120 0B       		.uleb128 0xb
 1596 0121 27       		.uleb128 0x27
 1597 0122 19       		.uleb128 0x19
 1598 0123 3C       		.uleb128 0x3c
 1599 0124 19       		.uleb128 0x19
 1600 0125 00       		.byte	0
 1601 0126 00       		.byte	0
 1602 0127 17       		.uleb128 0x17
 1603 0128 2E       		.uleb128 0x2e
 1604 0129 01       		.byte	0x1
 1605 012a 3F       		.uleb128 0x3f
 1606 012b 19       		.uleb128 0x19
 1607 012c 03       		.uleb128 0x3
ARM GAS  C:\Users\ericz\AppData\Local\Temp\cchvyIUM.s 			page 32


 1608 012d 0E       		.uleb128 0xe
 1609 012e 3A       		.uleb128 0x3a
 1610 012f 0B       		.uleb128 0xb
 1611 0130 3B       		.uleb128 0x3b
 1612 0131 0B       		.uleb128 0xb
 1613 0132 27       		.uleb128 0x27
 1614 0133 19       		.uleb128 0x19
 1615 0134 3C       		.uleb128 0x3c
 1616 0135 19       		.uleb128 0x19
 1617 0136 01       		.uleb128 0x1
 1618 0137 13       		.uleb128 0x13
 1619 0138 00       		.byte	0
 1620 0139 00       		.byte	0
 1621 013a 18       		.uleb128 0x18
 1622 013b 05       		.uleb128 0x5
 1623 013c 00       		.byte	0
 1624 013d 49       		.uleb128 0x49
 1625 013e 13       		.uleb128 0x13
 1626 013f 00       		.byte	0
 1627 0140 00       		.byte	0
 1628 0141 19       		.uleb128 0x19
 1629 0142 2E       		.uleb128 0x2e
 1630 0143 01       		.byte	0x1
 1631 0144 3F       		.uleb128 0x3f
 1632 0145 19       		.uleb128 0x19
 1633 0146 03       		.uleb128 0x3
 1634 0147 0E       		.uleb128 0xe
 1635 0148 3A       		.uleb128 0x3a
 1636 0149 0B       		.uleb128 0xb
 1637 014a 3B       		.uleb128 0x3b
 1638 014b 0B       		.uleb128 0xb
 1639 014c 27       		.uleb128 0x27
 1640 014d 19       		.uleb128 0x19
 1641 014e 49       		.uleb128 0x49
 1642 014f 13       		.uleb128 0x13
 1643 0150 3C       		.uleb128 0x3c
 1644 0151 19       		.uleb128 0x19
 1645 0152 01       		.uleb128 0x1
 1646 0153 13       		.uleb128 0x13
 1647 0154 00       		.byte	0
 1648 0155 00       		.byte	0
 1649 0156 1A       		.uleb128 0x1a
 1650 0157 2E       		.uleb128 0x2e
 1651 0158 01       		.byte	0x1
 1652 0159 3F       		.uleb128 0x3f
 1653 015a 19       		.uleb128 0x19
 1654 015b 03       		.uleb128 0x3
 1655 015c 0E       		.uleb128 0xe
 1656 015d 3A       		.uleb128 0x3a
 1657 015e 0B       		.uleb128 0xb
 1658 015f 3B       		.uleb128 0x3b
 1659 0160 0B       		.uleb128 0xb
 1660 0161 27       		.uleb128 0x27
 1661 0162 19       		.uleb128 0x19
 1662 0163 3C       		.uleb128 0x3c
 1663 0164 19       		.uleb128 0x19
 1664 0165 00       		.byte	0
ARM GAS  C:\Users\ericz\AppData\Local\Temp\cchvyIUM.s 			page 33


 1665 0166 00       		.byte	0
 1666 0167 00       		.byte	0
 1667              		.section	.debug_aranges,"",%progbits
 1668 0000 34000000 		.4byte	0x34
 1669 0004 0200     		.2byte	0x2
 1670 0006 00000000 		.4byte	.Ldebug_info0
 1671 000a 04       		.byte	0x4
 1672 000b 00       		.byte	0
 1673 000c 0000     		.2byte	0
 1674 000e 0000     		.2byte	0
 1675 0010 00000000 		.4byte	.LFB63
 1676 0014 28000000 		.4byte	.LFE63-.LFB63
 1677 0018 00000000 		.4byte	.LFB64
 1678 001c 1C000000 		.4byte	.LFE64-.LFB64
 1679 0020 00000000 		.4byte	.LFB65
 1680 0024 54000000 		.4byte	.LFE65-.LFB65
 1681 0028 00000000 		.4byte	.LFB66
 1682 002c 30020000 		.4byte	.LFE66-.LFB66
 1683 0030 00000000 		.4byte	0
 1684 0034 00000000 		.4byte	0
 1685              		.section	.debug_ranges,"",%progbits
 1686              	.Ldebug_ranges0:
 1687 0000 00000000 		.4byte	.LFB63
 1688 0004 28000000 		.4byte	.LFE63
 1689 0008 00000000 		.4byte	.LFB64
 1690 000c 1C000000 		.4byte	.LFE64
 1691 0010 00000000 		.4byte	.LFB65
 1692 0014 54000000 		.4byte	.LFE65
 1693 0018 00000000 		.4byte	.LFB66
 1694 001c 30020000 		.4byte	.LFE66
 1695 0020 00000000 		.4byte	0
 1696 0024 00000000 		.4byte	0
 1697              		.section	.debug_line,"",%progbits
 1698              	.Ldebug_line0:
 1699 0000 14030000 		.section	.debug_str,"MS",%progbits,1
 1699      02004002 
 1699      00000201 
 1699      FB0E0D00 
 1699      01010101 
 1700              	.LASF41:
 1701 0000 5350494D 		.ascii	"SPIM_3_Start\000"
 1701      5F335F53 
 1701      74617274 
 1701      00
 1702              	.LASF44:
 1703 000d 4932435F 		.ascii	"I2C_1_Start\000"
 1703      315F5374 
 1703      61727400 
 1704              	.LASF50:
 1705 0019 50574D5F 		.ascii	"PWM_1_Start\000"
 1705      315F5374 
 1705      61727400 
 1706              	.LASF59:
 1707 0025 2E5C6D61 		.ascii	".\\main.c\000"
 1707      696E2E63 
 1707      00
 1708              	.LASF47:
ARM GAS  C:\Users\ericz\AppData\Local\Temp\cchvyIUM.s 			page 34


 1709 002e 4D4F4445 		.ascii	"MODE_ISR_StartEx\000"
 1709      5F495352 
 1709      5F537461 
 1709      72744578 
 1709      00
 1710              	.LASF4:
 1711 003f 73686F72 		.ascii	"short int\000"
 1711      7420696E 
 1711      7400
 1712              	.LASF49:
 1713 0049 4C414E54 		.ascii	"LANTERN_TOGGLE_ISR_StartEx\000"
 1713      45524E5F 
 1713      544F4747 
 1713      4C455F49 
 1713      53525F53 
 1714              	.LASF23:
 1715 0064 73697A65 		.ascii	"sizetype\000"
 1715      74797065 
 1715      00
 1716              	.LASF53:
 1717 006d 736E6F77 		.ascii	"snowglobeInit\000"
 1717      676C6F62 
 1717      65496E69 
 1717      7400
 1718              	.LASF51:
 1719 007b 4C45445F 		.ascii	"LED_MODE_1_Write\000"
 1719      4D4F4445 
 1719      5F315F57 
 1719      72697465 
 1719      00
 1720              	.LASF61:
 1721 008c 6D61696E 		.ascii	"main\000"
 1721      00
 1722              	.LASF31:
 1723 0091 6D6F6465 		.ascii	"mode\000"
 1723      00
 1724              	.LASF5:
 1725 0096 5F5F7569 		.ascii	"__uint16_t\000"
 1725      6E743136 
 1725      5F7400
 1726              	.LASF32:
 1727 00a1 6D6F6465 		.ascii	"mode_changed\000"
 1727      5F636861 
 1727      6E676564 
 1727      00
 1728              	.LASF13:
 1729 00ae 75696E74 		.ascii	"uint8_t\000"
 1729      385F7400 
 1730              	.LASF18:
 1731 00b6 696E7431 		.ascii	"int16\000"
 1731      3600
 1732              	.LASF19:
 1733 00bc 666C6F61 		.ascii	"float\000"
 1733      7400
 1734              	.LASF10:
 1735 00c2 6C6F6E67 		.ascii	"long long int\000"
 1735      206C6F6E 
ARM GAS  C:\Users\ericz\AppData\Local\Temp\cchvyIUM.s 			page 35


 1735      6720696E 
 1735      7400
 1736              	.LASF57:
 1737 00d0 64726177 		.ascii	"drawLiquid\000"
 1737      4C697175 
 1737      696400
 1738              	.LASF8:
 1739 00db 6C6F6E67 		.ascii	"long int\000"
 1739      20696E74 
 1739      00
 1740              	.LASF35:
 1741 00e4 62726967 		.ascii	"brightIdx\000"
 1741      68744964 
 1741      7800
 1742              	.LASF38:
 1743 00ee 5350494D 		.ascii	"SPIM_0_Start\000"
 1743      5F305F53 
 1743      74617274 
 1743      00
 1744              	.LASF46:
 1745 00fb 444D415F 		.ascii	"DMA_Wait_For_Completion\000"
 1745      57616974 
 1745      5F466F72 
 1745      5F436F6D 
 1745      706C6574 
 1746              	.LASF2:
 1747 0113 5F5F7569 		.ascii	"__uint8_t\000"
 1747      6E74385F 
 1747      7400
 1748              	.LASF26:
 1749 011d 42726967 		.ascii	"Bright_Handler\000"
 1749      68745F48 
 1749      616E646C 
 1749      657200
 1750              	.LASF56:
 1751 012c 52656164 		.ascii	"Read_Accel_Data\000"
 1751      5F416363 
 1751      656C5F44 
 1751      61746100 
 1752              	.LASF63:
 1753 013c 736E6F77 		.ascii	"snowglobeUpdate\000"
 1753      676C6F62 
 1753      65557064 
 1753      61746500 
 1754              	.LASF55:
 1755 014c 50574D5F 		.ascii	"PWM_1_WriteCompare\000"
 1755      315F5772 
 1755      69746543 
 1755      6F6D7061 
 1755      726500
 1756              	.LASF40:
 1757 015f 5350494D 		.ascii	"SPIM_2_Start\000"
 1757      5F325F53 
 1757      74617274 
 1757      00
 1758              	.LASF1:
 1759 016c 756E7369 		.ascii	"unsigned char\000"
ARM GAS  C:\Users\ericz\AppData\Local\Temp\cchvyIUM.s 			page 36


 1759      676E6564 
 1759      20636861 
 1759      7200
 1760              	.LASF45:
 1761 017a 4D505536 		.ascii	"MPU6050_Start\000"
 1761      3035305F 
 1761      53746172 
 1761      7400
 1762              	.LASF22:
 1763 0188 63796973 		.ascii	"cyisraddress\000"
 1763      72616464 
 1763      72657373 
 1763      00
 1764              	.LASF27:
 1765 0195 66726163 		.ascii	"fracFull\000"
 1765      46756C6C 
 1765      00
 1766              	.LASF0:
 1767 019e 7369676E 		.ascii	"signed char\000"
 1767      65642063 
 1767      68617200 
 1768              	.LASF11:
 1769 01aa 6C6F6E67 		.ascii	"long long unsigned int\000"
 1769      206C6F6E 
 1769      6720756E 
 1769      7369676E 
 1769      65642069 
 1770              	.LASF12:
 1771 01c1 756E7369 		.ascii	"unsigned int\000"
 1771      676E6564 
 1771      20696E74 
 1771      00
 1772              	.LASF15:
 1773 01ce 75696E74 		.ascii	"uint16_t\000"
 1773      31365F74 
 1773      00
 1774              	.LASF36:
 1775 01d7 62726967 		.ascii	"brightness\000"
 1775      68746E65 
 1775      737300
 1776              	.LASF62:
 1777 01e2 73637265 		.ascii	"screenAtan\000"
 1777      656E4174 
 1777      616E00
 1778              	.LASF6:
 1779 01ed 73686F72 		.ascii	"short unsigned int\000"
 1779      7420756E 
 1779      7369676E 
 1779      65642069 
 1779      6E7400
 1780              	.LASF48:
 1781 0200 42524947 		.ascii	"BRIGHT_ISR_StartEx\000"
 1781      48545F49 
 1781      53525F53 
 1781      74617274 
 1781      457800
 1782              	.LASF25:
ARM GAS  C:\Users\ericz\AppData\Local\Temp\cchvyIUM.s 			page 37


 1783 0213 4C616E74 		.ascii	"LanternToggle_Handler\000"
 1783      65726E54 
 1783      6F67676C 
 1783      655F4861 
 1783      6E646C65 
 1784              	.LASF21:
 1785 0229 63686172 		.ascii	"char\000"
 1785      00
 1786              	.LASF52:
 1787 022e 4C45445F 		.ascii	"LED_MODE_2_Write\000"
 1787      4D4F4445 
 1787      5F325F57 
 1787      72697465 
 1787      00
 1788              	.LASF34:
 1789 023f 6C616E74 		.ascii	"lanternModeChanged\000"
 1789      65726E4D 
 1789      6F646543 
 1789      68616E67 
 1789      656400
 1790              	.LASF16:
 1791 0252 696E7433 		.ascii	"int32_t\000"
 1791      325F7400 
 1792              	.LASF14:
 1793 025a 696E7431 		.ascii	"int16_t\000"
 1793      365F7400 
 1794              	.LASF17:
 1795 0262 75696E74 		.ascii	"uint8\000"
 1795      3800
 1796              	.LASF54:
 1797 0268 6C696768 		.ascii	"lightLantern\000"
 1797      744C616E 
 1797      7465726E 
 1797      00
 1798              	.LASF9:
 1799 0275 6C6F6E67 		.ascii	"long unsigned int\000"
 1799      20756E73 
 1799      69676E65 
 1799      6420696E 
 1799      7400
 1800              	.LASF20:
 1801 0287 646F7562 		.ascii	"double\000"
 1801      6C6500
 1802              	.LASF33:
 1803 028e 6C616E74 		.ascii	"lanternMode\000"
 1803      65726E4D 
 1803      6F646500 
 1804              	.LASF60:
 1805 029a 433A5C55 		.ascii	"C:\\Users\\ericz\\Documents\\boxy\\FinalProject.cyd"
 1805      73657273 
 1805      5C657269 
 1805      637A5C44 
 1805      6F63756D 
 1806 02c8 736E00   		.ascii	"sn\000"
 1807              	.LASF7:
 1808 02cb 5F5F696E 		.ascii	"__int32_t\000"
 1808      7433325F 
ARM GAS  C:\Users\ericz\AppData\Local\Temp\cchvyIUM.s 			page 38


 1808      7400
 1809              	.LASF58:
 1810 02d5 474E5520 		.ascii	"GNU C 4.9.3 20150303 (release) [ARM/embedded-4_9-br"
 1810      4320342E 
 1810      392E3320 
 1810      32303135 
 1810      30333033 
 1811 0308 616E6368 		.ascii	"anch revision 221220] -mcpu=cortex-m3 -mthumb -g -O"
 1811      20726576 
 1811      6973696F 
 1811      6E203232 
 1811      31323230 
 1812 033b 67202D66 		.ascii	"g -ffunction-sections -ffat-lto-objects\000"
 1812      66756E63 
 1812      74696F6E 
 1812      2D736563 
 1812      74696F6E 
 1813              	.LASF28:
 1814 0363 616E676C 		.ascii	"angles\000"
 1814      657300
 1815              	.LASF3:
 1816 036a 5F5F696E 		.ascii	"__int16_t\000"
 1816      7431365F 
 1816      7400
 1817              	.LASF30:
 1818 0374 73696E65 		.ascii	"sineBrightness\000"
 1818      42726967 
 1818      68746E65 
 1818      737300
 1819              	.LASF37:
 1820 0383 62726967 		.ascii	"brightnessChanged\000"
 1820      68746E65 
 1820      73734368 
 1820      616E6765 
 1820      6400
 1821              	.LASF39:
 1822 0395 5350494D 		.ascii	"SPIM_1_Start\000"
 1822      5F315F53 
 1822      74617274 
 1822      00
 1823              	.LASF43:
 1824 03a2 74667453 		.ascii	"tftStart\000"
 1824      74617274 
 1824      00
 1825              	.LASF29:
 1826 03ab 49544D5F 		.ascii	"ITM_RxBuffer\000"
 1826      52784275 
 1826      66666572 
 1826      00
 1827              	.LASF24:
 1828 03b8 4D6F6465 		.ascii	"Mode_Handler\000"
 1828      5F48616E 
 1828      646C6572 
 1828      00
 1829              	.LASF42:
 1830 03c5 496E6974 		.ascii	"Init_DMA_SPI\000"
 1830      5F444D41 
ARM GAS  C:\Users\ericz\AppData\Local\Temp\cchvyIUM.s 			page 39


 1830      5F535049 
 1830      00
 1831              		.ident	"GCC: (GNU Tools for ARM Embedded Processors) 4.9.3 20150303 (release) [ARM/embedded-4_9-br
